TN:
SF:src/adaptive-learning-system.js
FN:13,(anonymous_0)
FN:47,(anonymous_1)
FN:134,(anonymous_2)
FN:175,(anonymous_3)
FN:189,(anonymous_4)
FN:192,(anonymous_5)
FN:202,(anonymous_6)
FN:249,(anonymous_7)
FN:262,(anonymous_8)
FN:265,(anonymous_9)
FN:270,(anonymous_10)
FN:279,(anonymous_11)
FN:287,(anonymous_12)
FN:293,(anonymous_13)
FN:298,(anonymous_14)
FN:311,(anonymous_15)
FN:312,(anonymous_16)
FN:316,(anonymous_17)
FN:319,(anonymous_18)
FN:321,(anonymous_19)
FN:326,(anonymous_20)
FN:333,(anonymous_21)
FN:334,(anonymous_22)
FN:338,(anonymous_23)
FN:341,(anonymous_24)
FN:345,(anonymous_25)
FN:355,(anonymous_26)
FN:384,(anonymous_27)
FN:407,(anonymous_28)
FN:431,(anonymous_29)
FN:436,(anonymous_30)
FN:472,(anonymous_31)
FN:494,(anonymous_32)
FN:498,(anonymous_33)
FN:522,(anonymous_34)
FN:526,(anonymous_35)
FN:540,(anonymous_36)
FN:542,(anonymous_37)
FN:545,(anonymous_38)
FN:553,(anonymous_39)
FN:560,(anonymous_40)
FN:564,(anonymous_41)
FN:566,(anonymous_42)
FN:580,(anonymous_43)
FN:601,(anonymous_44)
FN:622,(anonymous_45)
FN:629,(anonymous_46)
FN:638,(anonymous_47)
FN:674,(anonymous_48)
FN:679,(anonymous_49)
FN:711,(anonymous_50)
FN:742,(anonymous_51)
FN:745,(anonymous_52)
FN:759,(anonymous_53)
FN:785,(anonymous_54)
FN:788,(anonymous_55)
FN:794,(anonymous_56)
FN:795,(anonymous_57)
FN:800,(anonymous_58)
FN:809,(anonymous_59)
FN:821,(anonymous_60)
FN:831,(anonymous_61)
FN:856,(anonymous_62)
FN:863,(anonymous_63)
FN:868,(anonymous_64)
FN:882,(anonymous_65)
FN:896,(anonymous_66)
FN:905,(anonymous_67)
FN:924,(anonymous_68)
FN:926,(anonymous_69)
FN:929,(anonymous_70)
FN:934,(anonymous_71)
FN:944,(anonymous_72)
FN:945,(anonymous_73)
FN:953,(anonymous_74)
FN:962,(anonymous_75)
FN:970,(anonymous_76)
FN:971,(anonymous_77)
FN:985,(anonymous_78)
FN:991,(anonymous_79)
FN:996,(anonymous_80)
FN:1000,(anonymous_81)
FN:1005,(anonymous_82)
FN:1015,(anonymous_83)
FN:1021,(anonymous_84)
FN:1056,(anonymous_85)
FN:1097,(anonymous_86)
FN:1138,(anonymous_87)
FN:1144,(anonymous_88)
FN:1178,(anonymous_89)
FN:1184,(anonymous_90)
FNF:91
FNH:0
FNDA:0,(anonymous_0)
FNDA:0,(anonymous_1)
FNDA:0,(anonymous_2)
FNDA:0,(anonymous_3)
FNDA:0,(anonymous_4)
FNDA:0,(anonymous_5)
FNDA:0,(anonymous_6)
FNDA:0,(anonymous_7)
FNDA:0,(anonymous_8)
FNDA:0,(anonymous_9)
FNDA:0,(anonymous_10)
FNDA:0,(anonymous_11)
FNDA:0,(anonymous_12)
FNDA:0,(anonymous_13)
FNDA:0,(anonymous_14)
FNDA:0,(anonymous_15)
FNDA:0,(anonymous_16)
FNDA:0,(anonymous_17)
FNDA:0,(anonymous_18)
FNDA:0,(anonymous_19)
FNDA:0,(anonymous_20)
FNDA:0,(anonymous_21)
FNDA:0,(anonymous_22)
FNDA:0,(anonymous_23)
FNDA:0,(anonymous_24)
FNDA:0,(anonymous_25)
FNDA:0,(anonymous_26)
FNDA:0,(anonymous_27)
FNDA:0,(anonymous_28)
FNDA:0,(anonymous_29)
FNDA:0,(anonymous_30)
FNDA:0,(anonymous_31)
FNDA:0,(anonymous_32)
FNDA:0,(anonymous_33)
FNDA:0,(anonymous_34)
FNDA:0,(anonymous_35)
FNDA:0,(anonymous_36)
FNDA:0,(anonymous_37)
FNDA:0,(anonymous_38)
FNDA:0,(anonymous_39)
FNDA:0,(anonymous_40)
FNDA:0,(anonymous_41)
FNDA:0,(anonymous_42)
FNDA:0,(anonymous_43)
FNDA:0,(anonymous_44)
FNDA:0,(anonymous_45)
FNDA:0,(anonymous_46)
FNDA:0,(anonymous_47)
FNDA:0,(anonymous_48)
FNDA:0,(anonymous_49)
FNDA:0,(anonymous_50)
FNDA:0,(anonymous_51)
FNDA:0,(anonymous_52)
FNDA:0,(anonymous_53)
FNDA:0,(anonymous_54)
FNDA:0,(anonymous_55)
FNDA:0,(anonymous_56)
FNDA:0,(anonymous_57)
FNDA:0,(anonymous_58)
FNDA:0,(anonymous_59)
FNDA:0,(anonymous_60)
FNDA:0,(anonymous_61)
FNDA:0,(anonymous_62)
FNDA:0,(anonymous_63)
FNDA:0,(anonymous_64)
FNDA:0,(anonymous_65)
FNDA:0,(anonymous_66)
FNDA:0,(anonymous_67)
FNDA:0,(anonymous_68)
FNDA:0,(anonymous_69)
FNDA:0,(anonymous_70)
FNDA:0,(anonymous_71)
FNDA:0,(anonymous_72)
FNDA:0,(anonymous_73)
FNDA:0,(anonymous_74)
FNDA:0,(anonymous_75)
FNDA:0,(anonymous_76)
FNDA:0,(anonymous_77)
FNDA:0,(anonymous_78)
FNDA:0,(anonymous_79)
FNDA:0,(anonymous_80)
FNDA:0,(anonymous_81)
FNDA:0,(anonymous_82)
FNDA:0,(anonymous_83)
FNDA:0,(anonymous_84)
FNDA:0,(anonymous_85)
FNDA:0,(anonymous_86)
FNDA:0,(anonymous_87)
FNDA:0,(anonymous_88)
FNDA:0,(anonymous_89)
FNDA:0,(anonymous_90)
DA:14,0
DA:17,0
DA:18,0
DA:19,0
DA:20,0
DA:23,0
DA:24,0
DA:25,0
DA:28,0
DA:29,0
DA:30,0
DA:33,0
DA:41,0
DA:48,0
DA:49,0
DA:51,0
DA:53,0
DA:60,0
DA:66,0
DA:72,0
DA:78,0
DA:86,0
DA:92,0
DA:94,0
DA:119,0
DA:122,0
DA:124,0
DA:127,0
DA:135,0
DA:137,0
DA:139,0
DA:142,0
DA:144,0
DA:145,0
DA:153,0
DA:156,0
DA:158,0
DA:168,0
DA:176,0
DA:190,0
DA:192,0
DA:193,0
DA:196,0
DA:203,0
DA:211,0
DA:212,0
DA:213,0
DA:214,0
DA:218,0
DA:219,0
DA:220,0
DA:221,0
DA:225,0
DA:226,0
DA:227,0
DA:228,0
DA:232,0
DA:233,0
DA:235,0
DA:236,0
DA:238,0
DA:239,0
DA:242,0
DA:244,0
DA:250,0
DA:257,0
DA:259,0
DA:263,0
DA:265,0
DA:266,0
DA:271,0
DA:273,0
DA:274,0
DA:275,0
DA:276,0
DA:280,0
DA:281,0
DA:283,0
DA:289,0
DA:290,0
DA:294,0
DA:295,0
DA:298,0
DA:299,0
DA:300,0
DA:308,0
DA:312,0
DA:313,0
DA:316,0
DA:321,0
DA:322,0
DA:327,0
DA:328,0
DA:329,0
DA:330,0
DA:334,0
DA:335,0
DA:338,0
DA:342,0
DA:346,0
DA:356,0
DA:363,0
DA:365,0
DA:367,0
DA:375,0
DA:379,0
DA:381,0
DA:385,0
DA:386,0
DA:388,0
DA:389,0
DA:390,0
DA:392,0
DA:394,0
DA:395,0
DA:396,0
DA:397,0
DA:399,0
DA:400,0
DA:401,0
DA:404,0
DA:409,0
DA:411,0
DA:412,0
DA:414,0
DA:418,0
DA:419,0
DA:422,0
DA:432,0
DA:433,0
DA:437,0
DA:445,0
DA:446,0
DA:449,0
DA:450,0
DA:453,0
DA:454,0
DA:457,0
DA:460,0
DA:463,0
DA:469,0
DA:473,0
DA:476,0
DA:477,0
DA:478,0
DA:480,0
DA:481,0
DA:491,0
DA:495,0
DA:498,0
DA:499,0
DA:500,0
DA:502,0
DA:503,0
DA:505,0
DA:508,0
DA:509,0
DA:519,0
DA:523,0
DA:524,0
DA:526,0
DA:527,0
DA:528,0
DA:533,0
DA:537,0
DA:542,0
DA:547,0
DA:549,0
DA:550,0
DA:554,0
DA:560,0
DA:561,0
DA:566,0
DA:567,0
DA:581,0
DA:596,0
DA:598,0
DA:602,0
DA:605,0
DA:612,0
DA:615,0
DA:616,0
DA:619,0
DA:626,0
DA:630,0
DA:639,0
DA:646,0
DA:647,0
DA:648,0
DA:652,0
DA:653,0
DA:654,0
DA:658,0
DA:659,0
DA:660,0
DA:663,0
DA:665,0
DA:675,0
DA:676,0
DA:680,0
DA:687,0
DA:688,0
DA:691,0
DA:692,0
DA:695,0
DA:698,0
DA:706,0
DA:708,0
DA:712,0
DA:715,0
DA:717,0
DA:718,0
DA:721,0
DA:722,0
DA:730,0
DA:731,0
DA:739,0
DA:743,0
DA:745,0
DA:746,0
DA:747,0
DA:756,0
DA:760,0
DA:762,0
DA:769,0
DA:776,0
DA:786,0
DA:788,0
DA:789,0
DA:791,0
DA:795,0
DA:796,0
DA:801,0
DA:803,0
DA:804,0
DA:806,0
DA:810,0
DA:812,0
DA:822,0
DA:832,0
DA:835,0
DA:838,0
DA:841,0
DA:844,0
DA:847,0
DA:849,0
DA:857,0
DA:858,0
DA:859,0
DA:860,0
DA:864,0
DA:865,0
DA:869,0
DA:875,0
DA:876,0
DA:879,0
DA:883,0
DA:897,0
DA:906,0
DA:913,0
DA:914,0
DA:917,0
DA:918,0
DA:919,0
DA:920,0
DA:925,0
DA:926,0
DA:930,0
DA:931,0
DA:934,0
DA:937,0
DA:938,0
DA:940,0
DA:941,0
DA:944,0
DA:945,0
DA:947,0
DA:950,0
DA:954,0
DA:956,0
DA:957,0
DA:959,0
DA:963,0
DA:964,0
DA:967,0
DA:968,0
DA:970,0
DA:971,0
DA:973,0
DA:974,0
DA:977,0
DA:986,0
DA:987,0
DA:988,0
DA:993,0
DA:997,0
DA:1002,0
DA:1006,0
DA:1016,0
DA:1017,0
DA:1020,0
DA:1021,0
DA:1022,0
DA:1023,0
DA:1024,0
DA:1026,0
DA:1027,0
DA:1028,0
DA:1030,0
DA:1037,0
DA:1042,0
DA:1044,0
DA:1057,0
DA:1058,0
DA:1061,0
DA:1062,0
DA:1063,0
DA:1065,0
DA:1066,0
DA:1068,0
DA:1069,0
DA:1070,0
DA:1072,0
DA:1079,0
DA:1083,0
DA:1085,0
DA:1098,0
DA:1099,0
DA:1102,0
DA:1103,0
DA:1104,0
DA:1106,0
DA:1107,0
DA:1109,0
DA:1110,0
DA:1111,0
DA:1113,0
DA:1120,0
DA:1124,0
DA:1126,0
DA:1139,0
DA:1140,0
DA:1143,0
DA:1144,0
DA:1145,0
DA:1146,0
DA:1148,0
DA:1149,0
DA:1150,0
DA:1152,0
DA:1159,0
DA:1164,0
DA:1166,0
DA:1179,0
DA:1180,0
DA:1183,0
DA:1184,0
DA:1185,0
DA:1186,0
DA:1187,0
DA:1189,0
DA:1190,0
DA:1191,0
DA:1193,0
DA:1200,0
DA:1206,0
DA:1208,0
DA:1215,0
LF:368
LH:0
BRDA:28,0,0,0
BRDA:28,0,1,0
BRDA:29,1,0,0
BRDA:29,1,1,0
BRDA:30,2,0,0
BRDA:30,2,1,0
BRDA:134,3,0,0
BRDA:212,4,0,0
BRDA:212,4,1,0
BRDA:212,5,0,0
BRDA:212,5,1,0
BRDA:219,6,0,0
BRDA:219,6,1,0
BRDA:219,7,0,0
BRDA:219,7,1,0
BRDA:226,8,0,0
BRDA:226,8,1,0
BRDA:226,9,0,0
BRDA:226,9,1,0
BRDA:232,10,0,0
BRDA:232,10,1,0
BRDA:235,11,0,0
BRDA:235,11,1,0
BRDA:238,12,0,0
BRDA:238,12,1,0
BRDA:242,13,0,0
BRDA:242,13,1,0
BRDA:263,14,0,0
BRDA:263,14,1,0
BRDA:263,15,0,0
BRDA:263,15,1,0
BRDA:266,16,0,0
BRDA:266,16,1,0
BRDA:273,17,0,0
BRDA:273,17,1,0
BRDA:274,18,0,0
BRDA:274,18,1,0
BRDA:275,19,0,0
BRDA:275,19,1,0
BRDA:280,20,0,0
BRDA:280,20,1,0
BRDA:299,21,0,0
BRDA:299,21,1,0
BRDA:313,22,0,0
BRDA:313,22,1,0
BRDA:327,23,0,0
BRDA:327,23,1,0
BRDA:328,24,0,0
BRDA:328,24,1,0
BRDA:329,25,0,0
BRDA:329,25,1,0
BRDA:363,26,0,0
BRDA:363,26,1,0
BRDA:392,27,0,0
BRDA:392,27,1,0
BRDA:392,28,0,0
BRDA:392,28,1,0
BRDA:397,29,0,0
BRDA:397,29,1,0
BRDA:397,30,0,0
BRDA:397,30,1,0
BRDA:411,31,0,0
BRDA:411,31,1,0
BRDA:418,32,0,0
BRDA:418,32,1,0
BRDA:476,33,0,0
BRDA:476,33,1,0
BRDA:480,34,0,0
BRDA:480,34,1,0
BRDA:486,35,0,0
BRDA:486,35,1,0
BRDA:499,36,0,0
BRDA:499,36,1,0
BRDA:502,37,0,0
BRDA:502,37,1,0
BRDA:508,38,0,0
BRDA:508,38,1,0
BRDA:527,39,0,0
BRDA:527,39,1,0
BRDA:547,40,0,0
BRDA:547,40,1,0
BRDA:550,41,0,0
BRDA:550,41,1,0
BRDA:587,42,0,0
BRDA:587,42,1,0
BRDA:588,43,0,0
BRDA:588,43,1,0
BRDA:612,44,0,0
BRDA:612,44,1,0
BRDA:615,45,0,0
BRDA:615,45,1,0
BRDA:646,46,0,0
BRDA:646,46,1,0
BRDA:652,47,0,0
BRDA:652,47,1,0
BRDA:658,48,0,0
BRDA:658,48,1,0
BRDA:663,49,0,0
BRDA:663,49,1,0
BRDA:717,50,0,0
BRDA:717,50,1,0
BRDA:721,51,0,0
BRDA:721,51,1,0
BRDA:730,52,0,0
BRDA:730,52,1,0
BRDA:746,53,0,0
BRDA:746,53,1,0
BRDA:760,54,0,0
BRDA:760,54,1,0
BRDA:760,54,2,0
BRDA:765,55,0,0
BRDA:765,55,1,0
BRDA:772,56,0,0
BRDA:772,56,1,0
BRDA:786,57,0,0
BRDA:786,57,1,0
BRDA:801,58,0,0
BRDA:801,58,1,0
BRDA:801,59,0,0
BRDA:801,59,1,0
BRDA:810,60,0,0
BRDA:810,60,1,0
BRDA:810,61,0,0
BRDA:810,61,1,0
BRDA:857,62,0,0
BRDA:857,62,1,0
BRDA:858,63,0,0
BRDA:858,63,1,0
BRDA:859,64,0,0
BRDA:859,64,1,0
BRDA:864,65,0,0
BRDA:864,65,1,0
BRDA:869,66,0,0
BRDA:869,66,1,0
BRDA:870,67,0,0
BRDA:870,67,1,0
BRDA:871,68,0,0
BRDA:871,68,1,0
BRDA:872,69,0,0
BRDA:872,69,1,0
BRDA:917,70,0,0
BRDA:917,70,1,0
BRDA:925,71,0,0
BRDA:925,71,1,0
BRDA:930,72,0,0
BRDA:930,72,1,0
BRDA:940,73,0,0
BRDA:940,73,1,0
BRDA:940,74,0,0
BRDA:940,74,1,0
BRDA:947,75,0,0
BRDA:947,75,1,0
BRDA:948,76,0,0
BRDA:948,76,1,0
BRDA:954,77,0,0
BRDA:954,77,1,0
BRDA:963,78,0,0
BRDA:963,78,1,0
BRDA:974,79,0,0
BRDA:974,79,1,0
BRDA:975,80,0,0
BRDA:975,80,1,0
BRDA:1020,81,0,0
BRDA:1020,81,1,0
BRDA:1022,82,0,0
BRDA:1022,82,1,0
BRDA:1026,83,0,0
BRDA:1026,83,1,0
BRDA:1061,84,0,0
BRDA:1061,84,1,0
BRDA:1063,85,0,0
BRDA:1063,85,1,0
BRDA:1065,86,0,0
BRDA:1065,86,1,0
BRDA:1068,87,0,0
BRDA:1068,87,1,0
BRDA:1102,88,0,0
BRDA:1102,88,1,0
BRDA:1104,89,0,0
BRDA:1104,89,1,0
BRDA:1106,90,0,0
BRDA:1106,90,1,0
BRDA:1109,91,0,0
BRDA:1109,91,1,0
BRDA:1143,92,0,0
BRDA:1143,92,1,0
BRDA:1145,93,0,0
BRDA:1145,93,1,0
BRDA:1148,94,0,0
BRDA:1148,94,1,0
BRDA:1183,95,0,0
BRDA:1183,95,1,0
BRDA:1185,96,0,0
BRDA:1185,96,1,0
BRDA:1186,97,0,0
BRDA:1186,97,1,0
BRDA:1189,98,0,0
BRDA:1189,98,1,0
BRF:198
BRH:0
end_of_record
TN:
SF:src/contextual-memory-system.js
FN:13,(anonymous_0)
FN:43,(anonymous_1)
FN:57,(anonymous_2)
FN:105,(anonymous_3)
FN:166,(anonymous_4)
FN:193,(anonymous_5)
FN:206,(anonymous_6)
FN:220,(anonymous_7)
FN:235,(anonymous_8)
FN:249,(anonymous_9)
FN:263,(anonymous_10)
FN:276,(anonymous_11)
FN:286,(anonymous_12)
FN:300,(anonymous_13)
FN:309,(anonymous_14)
FN:320,(anonymous_15)
FN:332,(anonymous_16)
FN:340,(anonymous_17)
FN:344,(anonymous_18)
FN:348,(anonymous_19)
FN:350,(anonymous_20)
FN:353,(anonymous_21)
FN:374,(anonymous_22)
FN:383,(anonymous_23)
FN:390,(anonymous_24)
FN:398,(anonymous_25)
FN:400,(anonymous_26)
FN:410,(anonymous_27)
FN:419,(anonymous_28)
FN:429,(anonymous_29)
FN:433,(anonymous_30)
FN:439,(anonymous_31)
FN:449,(anonymous_32)
FN:454,(anonymous_33)
FN:467,(anonymous_34)
FN:472,(anonymous_35)
FN:485,(anonymous_36)
FN:492,(anonymous_37)
FN:493,(anonymous_38)
FN:497,(anonymous_39)
FN:518,(anonymous_40)
FN:533,(anonymous_41)
FN:538,(anonymous_42)
FN:551,(anonymous_43)
FN:558,(anonymous_44)
FN:559,(anonymous_45)
FN:563,(anonymous_46)
FN:571,(anonymous_47)
FN:577,(anonymous_48)
FN:585,(anonymous_49)
FN:595,(anonymous_50)
FN:601,(anonymous_51)
FN:605,(anonymous_52)
FN:616,(anonymous_53)
FN:620,(anonymous_54)
FN:622,(anonymous_55)
FN:624,(anonymous_56)
FN:628,(anonymous_57)
FN:637,(anonymous_58)
FN:639,(anonymous_59)
FN:643,(anonymous_60)
FN:645,(anonymous_61)
FN:655,(anonymous_62)
FN:660,(anonymous_63)
FN:688,(anonymous_64)
FN:708,(anonymous_65)
FN:712,(anonymous_66)
FN:716,(anonymous_67)
FN:720,(anonymous_68)
FN:728,(anonymous_69)
FN:737,(anonymous_70)
FN:739,(anonymous_71)
FN:741,(anonymous_72)
FN:749,(anonymous_73)
FN:751,(anonymous_74)
FN:761,(anonymous_75)
FN:765,(anonymous_76)
FN:788,(anonymous_77)
FN:805,(anonymous_78)
FN:816,(anonymous_79)
FN:828,(anonymous_80)
FN:846,(anonymous_81)
FN:855,(anonymous_82)
FN:875,(anonymous_83)
FN:881,(anonymous_84)
FN:905,(anonymous_85)
FN:910,(anonymous_86)
FN:919,(anonymous_87)
FN:925,(anonymous_88)
FN:929,(anonymous_89)
FN:930,(anonymous_90)
FN:935,(anonymous_91)
FN:946,(anonymous_92)
FN:957,(anonymous_93)
FN:961,(anonymous_94)
FNF:95
FNH:0
FNDA:0,(anonymous_0)
FNDA:0,(anonymous_1)
FNDA:0,(anonymous_2)
FNDA:0,(anonymous_3)
FNDA:0,(anonymous_4)
FNDA:0,(anonymous_5)
FNDA:0,(anonymous_6)
FNDA:0,(anonymous_7)
FNDA:0,(anonymous_8)
FNDA:0,(anonymous_9)
FNDA:0,(anonymous_10)
FNDA:0,(anonymous_11)
FNDA:0,(anonymous_12)
FNDA:0,(anonymous_13)
FNDA:0,(anonymous_14)
FNDA:0,(anonymous_15)
FNDA:0,(anonymous_16)
FNDA:0,(anonymous_17)
FNDA:0,(anonymous_18)
FNDA:0,(anonymous_19)
FNDA:0,(anonymous_20)
FNDA:0,(anonymous_21)
FNDA:0,(anonymous_22)
FNDA:0,(anonymous_23)
FNDA:0,(anonymous_24)
FNDA:0,(anonymous_25)
FNDA:0,(anonymous_26)
FNDA:0,(anonymous_27)
FNDA:0,(anonymous_28)
FNDA:0,(anonymous_29)
FNDA:0,(anonymous_30)
FNDA:0,(anonymous_31)
FNDA:0,(anonymous_32)
FNDA:0,(anonymous_33)
FNDA:0,(anonymous_34)
FNDA:0,(anonymous_35)
FNDA:0,(anonymous_36)
FNDA:0,(anonymous_37)
FNDA:0,(anonymous_38)
FNDA:0,(anonymous_39)
FNDA:0,(anonymous_40)
FNDA:0,(anonymous_41)
FNDA:0,(anonymous_42)
FNDA:0,(anonymous_43)
FNDA:0,(anonymous_44)
FNDA:0,(anonymous_45)
FNDA:0,(anonymous_46)
FNDA:0,(anonymous_47)
FNDA:0,(anonymous_48)
FNDA:0,(anonymous_49)
FNDA:0,(anonymous_50)
FNDA:0,(anonymous_51)
FNDA:0,(anonymous_52)
FNDA:0,(anonymous_53)
FNDA:0,(anonymous_54)
FNDA:0,(anonymous_55)
FNDA:0,(anonymous_56)
FNDA:0,(anonymous_57)
FNDA:0,(anonymous_58)
FNDA:0,(anonymous_59)
FNDA:0,(anonymous_60)
FNDA:0,(anonymous_61)
FNDA:0,(anonymous_62)
FNDA:0,(anonymous_63)
FNDA:0,(anonymous_64)
FNDA:0,(anonymous_65)
FNDA:0,(anonymous_66)
FNDA:0,(anonymous_67)
FNDA:0,(anonymous_68)
FNDA:0,(anonymous_69)
FNDA:0,(anonymous_70)
FNDA:0,(anonymous_71)
FNDA:0,(anonymous_72)
FNDA:0,(anonymous_73)
FNDA:0,(anonymous_74)
FNDA:0,(anonymous_75)
FNDA:0,(anonymous_76)
FNDA:0,(anonymous_77)
FNDA:0,(anonymous_78)
FNDA:0,(anonymous_79)
FNDA:0,(anonymous_80)
FNDA:0,(anonymous_81)
FNDA:0,(anonymous_82)
FNDA:0,(anonymous_83)
FNDA:0,(anonymous_84)
FNDA:0,(anonymous_85)
FNDA:0,(anonymous_86)
FNDA:0,(anonymous_87)
FNDA:0,(anonymous_88)
FNDA:0,(anonymous_89)
FNDA:0,(anonymous_90)
FNDA:0,(anonymous_91)
FNDA:0,(anonymous_92)
FNDA:0,(anonymous_93)
FNDA:0,(anonymous_94)
DA:14,0
DA:17,0
DA:18,0
DA:19,0
DA:20,0
DA:21,0
DA:24,0
DA:25,0
DA:28,0
DA:31,0
DA:39,0
DA:44,0
DA:45,0
DA:46,0
DA:47,0
DA:48,0
DA:51,0
DA:58,0
DA:59,0
DA:61,0
DA:63,0
DA:76,0
DA:77,0
DA:78,0
DA:79,0
DA:82,0
DA:85,0
DA:86,0
DA:90,0
DA:93,0
DA:95,0
DA:98,0
DA:106,0
DA:107,0
DA:109,0
DA:111,0
DA:116,0
DA:121,0
DA:126,0
DA:133,0
DA:139,0
DA:146,0
DA:159,0
DA:167,0
DA:169,0
DA:170,0
DA:171,0
DA:175,0
DA:178,0
DA:181,0
DA:183,0
DA:186,0
DA:194,0
DA:207,0
DA:221,0
DA:236,0
DA:250,0
DA:264,0
DA:277,0
DA:287,0
DA:288,0
DA:289,0
DA:291,0
DA:301,0
DA:310,0
DA:321,0
DA:329,0
DA:333,0
DA:334,0
DA:335,0
DA:336,0
DA:337,0
DA:341,0
DA:345,0
DA:349,0
DA:350,0
DA:354,0
DA:361,0
DA:362,0
DA:363,0
DA:364,0
DA:366,0
DA:375,0
DA:383,0
DA:384,0
DA:385,0
DA:386,0
DA:390,0
DA:391,0
DA:392,0
DA:393,0
DA:394,0
DA:398,0
DA:399,0
DA:400,0
DA:401,0
DA:402,0
DA:407,0
DA:411,0
DA:419,0
DA:420,0
DA:421,0
DA:422,0
DA:426,0
DA:430,0
DA:435,0
DA:436,0
DA:440,0
DA:441,0
DA:442,0
DA:443,0
DA:444,0
DA:446,0
DA:450,0
DA:456,0
DA:457,0
DA:468,0
DA:469,0
DA:473,0
DA:475,0
DA:476,0
DA:479,0
DA:482,0
DA:486,0
DA:487,0
DA:489,0
DA:491,0
DA:492,0
DA:493,0
DA:498,0
DA:504,0
DA:505,0
DA:506,0
DA:507,0
DA:509,0
DA:510,0
DA:511,0
DA:515,0
DA:520,0
DA:521,0
DA:522,0
DA:524,0
DA:534,0
DA:535,0
DA:539,0
DA:541,0
DA:542,0
DA:545,0
DA:548,0
DA:552,0
DA:553,0
DA:555,0
DA:557,0
DA:558,0
DA:559,0
DA:564,0
DA:572,0
DA:573,0
DA:574,0
DA:578,0
DA:580,0
DA:581,0
DA:584,0
DA:585,0
DA:596,0
DA:597,0
DA:598,0
DA:602,0
DA:605,0
DA:606,0
DA:607,0
DA:611,0
DA:612,0
DA:613,0
DA:617,0
DA:619,0
DA:621,0
DA:622,0
DA:624,0
DA:629,0
DA:638,0
DA:639,0
DA:644,0
DA:645,0
DA:656,0
DA:657,0
DA:661,0
DA:664,0
DA:665,0
DA:666,0
DA:679,0
DA:680,0
DA:681,0
DA:684,0
DA:685,0
DA:688,0
DA:689,0
DA:690,0
DA:694,0
DA:700,0
DA:701,0
DA:709,0
DA:711,0
DA:713,0
DA:716,0
DA:721,0
DA:729,0
DA:730,0
DA:731,0
DA:732,0
DA:734,0
DA:738,0
DA:739,0
DA:741,0
DA:750,0
DA:751,0
DA:752,0
DA:762,0
DA:766,0
DA:768,0
DA:769,0
DA:781,0
DA:784,0
DA:785,0
DA:788,0
DA:789,0
DA:790,0
DA:794,0
DA:795,0
DA:797,0
DA:798,0
DA:801,0
DA:802,0
DA:806,0
DA:807,0
DA:817,0
DA:818,0
DA:819,0
DA:829,0
DA:837,0
DA:840,0
DA:843,0
DA:847,0
DA:856,0
DA:858,0
DA:859,0
DA:861,0
DA:862,0
DA:864,0
DA:865,0
DA:866,0
DA:867,0
DA:871,0
DA:876,0
DA:877,0
DA:878,0
DA:883,0
DA:885,0
DA:886,0
DA:894,0
DA:895,0
DA:902,0
DA:906,0
DA:907,0
DA:911,0
DA:920,0
DA:921,0
DA:922,0
DA:926,0
DA:929,0
DA:930,0
DA:932,0
DA:948,0
DA:958,0
DA:963,0
LF:275
LH:0
BRDA:57,0,0,0
BRDA:85,1,0,0
BRDA:85,1,1,0
BRDA:105,2,0,0
BRDA:170,3,0,0
BRDA:170,3,1,0
BRDA:279,4,0,0
BRDA:279,4,1,0
BRDA:295,5,0,0
BRDA:295,5,1,0
BRDA:312,6,0,0
BRDA:312,6,1,0
BRDA:313,7,0,0
BRDA:313,7,1,0
BRDA:329,8,0,0
BRDA:329,8,1,0
BRDA:333,9,0,0
BRDA:333,9,1,0
BRDA:333,10,0,0
BRDA:333,10,1,0
BRDA:334,11,0,0
BRDA:334,11,1,0
BRDA:334,12,0,0
BRDA:334,12,1,0
BRDA:335,13,0,0
BRDA:335,13,1,0
BRDA:335,14,0,0
BRDA:335,14,1,0
BRDA:336,15,0,0
BRDA:336,15,1,0
BRDA:336,16,0,0
BRDA:336,16,1,0
BRDA:361,17,0,0
BRDA:361,17,1,0
BRDA:362,18,0,0
BRDA:362,18,1,0
BRDA:363,19,0,0
BRDA:363,19,1,0
BRDA:364,20,0,0
BRDA:364,20,1,0
BRDA:384,21,0,0
BRDA:384,21,1,0
BRDA:385,22,0,0
BRDA:385,22,1,0
BRDA:391,23,0,0
BRDA:391,23,1,0
BRDA:393,24,0,0
BRDA:393,24,1,0
BRDA:399,25,0,0
BRDA:399,25,1,0
BRDA:401,26,0,0
BRDA:401,26,1,0
BRDA:420,27,0,0
BRDA:420,27,1,0
BRDA:421,28,0,0
BRDA:421,28,1,0
BRDA:435,29,0,0
BRDA:435,29,1,0
BRDA:456,30,0,0
BRDA:456,30,1,0
BRDA:475,31,0,0
BRDA:475,31,1,0
BRDA:489,32,0,0
BRDA:489,32,1,0
BRDA:509,33,0,0
BRDA:509,33,1,0
BRDA:520,34,0,0
BRDA:520,34,1,0
BRDA:521,35,0,0
BRDA:521,35,1,0
BRDA:541,36,0,0
BRDA:541,36,1,0
BRDA:555,37,0,0
BRDA:555,37,1,0
BRDA:573,38,0,0
BRDA:573,38,1,0
BRDA:606,39,0,0
BRDA:606,39,1,0
BRDA:612,40,0,0
BRDA:612,40,1,0
BRDA:621,41,0,0
BRDA:621,41,1,0
BRDA:665,42,0,0
BRDA:665,42,1,0
BRDA:684,43,0,0
BRDA:684,43,1,0
BRDA:689,44,0,0
BRDA:689,44,1,0
BRDA:700,45,0,0
BRDA:700,45,1,0
BRDA:713,46,0,0
BRDA:713,46,1,0
BRDA:713,46,2,0
BRDA:731,47,0,0
BRDA:731,47,1,0
BRDA:750,48,0,0
BRDA:750,48,1,0
BRDA:768,49,0,0
BRDA:768,49,1,0
BRDA:784,50,0,0
BRDA:784,50,1,0
BRDA:789,51,0,0
BRDA:789,51,1,0
BRDA:794,52,0,0
BRDA:794,52,1,0
BRDA:797,53,0,0
BRDA:797,53,1,0
BRDA:807,54,0,0
BRDA:807,54,1,0
BRDA:861,55,0,0
BRDA:861,55,1,0
BRDA:864,56,0,0
BRDA:864,56,1,0
BRDA:864,57,0,0
BRDA:864,57,1,0
BRDA:866,58,0,0
BRDA:866,58,1,0
BRDA:866,59,0,0
BRDA:866,59,1,0
BRDA:885,60,0,0
BRDA:885,60,1,0
BRDA:921,61,0,0
BRDA:921,61,1,0
BRDA:926,62,0,0
BRDA:926,62,1,0
BRF:125
BRH:0
end_of_record
TN:
SF:src/explainable-reasoning-system.js
FN:13,(anonymous_0)
FN:36,(anonymous_1)
FN:119,(anonymous_2)
FN:135,(anonymous_3)
FN:149,(anonymous_4)
FN:162,(anonymous_5)
FN:164,(anonymous_6)
FN:175,(anonymous_7)
FN:181,(anonymous_8)
FN:195,(anonymous_9)
FN:208,(anonymous_10)
FN:216,(anonymous_11)
FN:224,(anonymous_12)
FN:227,(anonymous_13)
FN:236,(anonymous_14)
FN:269,(anonymous_15)
FN:279,(anonymous_16)
FN:336,(anonymous_17)
FN:338,(anonymous_18)
FN:339,(anonymous_19)
FN:350,(anonymous_20)
FN:389,(anonymous_21)
FN:409,(anonymous_22)
FN:419,(anonymous_23)
FN:452,(anonymous_24)
FN:461,(anonymous_25)
FN:464,(anonymous_26)
FN:479,(anonymous_27)
FN:492,(anonymous_28)
FN:505,(anonymous_29)
FN:517,(anonymous_30)
FN:539,(anonymous_31)
FN:543,(anonymous_32)
FN:568,(anonymous_33)
FN:589,(anonymous_34)
FN:593,(anonymous_35)
FN:608,(anonymous_36)
FN:614,(anonymous_37)
FN:624,(anonymous_38)
FN:656,(anonymous_39)
FN:670,(anonymous_40)
FN:673,(anonymous_41)
FN:678,(anonymous_42)
FN:681,(anonymous_43)
FN:691,(anonymous_44)
FN:695,(anonymous_45)
FN:710,(anonymous_46)
FN:725,(anonymous_47)
FN:736,(anonymous_48)
FN:746,(anonymous_49)
FN:755,(anonymous_50)
FN:764,(anonymous_51)
FN:778,(anonymous_52)
FN:785,(anonymous_53)
FN:794,(anonymous_54)
FN:797,(anonymous_55)
FN:808,(anonymous_56)
FN:815,(anonymous_57)
FN:826,(anonymous_58)
FN:829,(anonymous_59)
FN:833,(anonymous_60)
FN:836,(anonymous_61)
FN:844,(anonymous_62)
FN:847,(anonymous_63)
FN:849,(anonymous_64)
FN:850,(anonymous_65)
FN:851,(anonymous_66)
FN:857,(anonymous_67)
FN:872,(anonymous_68)
FN:880,(anonymous_69)
FN:888,(anonymous_70)
FN:897,(anonymous_71)
FN:905,(anonymous_72)
FN:920,(anonymous_73)
FN:927,(anonymous_74)
FN:938,(anonymous_75)
FN:946,(anonymous_76)
FN:959,(anonymous_77)
FN:971,(anonymous_78)
FN:975,(anonymous_79)
FN:976,(anonymous_80)
FN:979,(anonymous_81)
FN:983,(anonymous_82)
FN:985,(anonymous_83)
FN:993,(anonymous_84)
FN:998,(anonymous_85)
FN:1000,(anonymous_86)
FN:1005,(anonymous_87)
FN:1013,(anonymous_88)
FN:1022,(anonymous_89)
FN:1043,(anonymous_90)
FN:1046,(anonymous_91)
FN:1053,(anonymous_92)
FN:1054,(anonymous_93)
FN:1058,(anonymous_94)
FN:1060,(anonymous_95)
FN:1061,(anonymous_96)
FN:1062,(anonymous_97)
FN:1067,(anonymous_98)
FN:1070,(anonymous_99)
FN:1074,(anonymous_100)
FN:1086,(anonymous_101)
FN:1102,(anonymous_102)
FN:1109,(anonymous_103)
FN:1113,(anonymous_104)
FN:1116,(anonymous_105)
FN:1127,(anonymous_106)
FN:1136,(anonymous_107)
FN:1150,(anonymous_108)
FN:1164,(anonymous_109)
FN:1168,(anonymous_110)
FN:1172,(anonymous_111)
FN:1198,(anonymous_112)
FN:1208,(anonymous_113)
FN:1221,(anonymous_114)
FN:1223,(anonymous_115)
FN:1226,(anonymous_116)
FN:1230,(anonymous_117)
FN:1232,(anonymous_118)
FN:1236,(anonymous_119)
FN:1239,(anonymous_120)
FN:1245,(anonymous_121)
FN:1257,(anonymous_122)
FN:1260,(anonymous_123)
FN:1268,(anonymous_124)
FN:1271,(anonymous_125)
FNF:126
FNH:0
FNDA:0,(anonymous_0)
FNDA:0,(anonymous_1)
FNDA:0,(anonymous_2)
FNDA:0,(anonymous_3)
FNDA:0,(anonymous_4)
FNDA:0,(anonymous_5)
FNDA:0,(anonymous_6)
FNDA:0,(anonymous_7)
FNDA:0,(anonymous_8)
FNDA:0,(anonymous_9)
FNDA:0,(anonymous_10)
FNDA:0,(anonymous_11)
FNDA:0,(anonymous_12)
FNDA:0,(anonymous_13)
FNDA:0,(anonymous_14)
FNDA:0,(anonymous_15)
FNDA:0,(anonymous_16)
FNDA:0,(anonymous_17)
FNDA:0,(anonymous_18)
FNDA:0,(anonymous_19)
FNDA:0,(anonymous_20)
FNDA:0,(anonymous_21)
FNDA:0,(anonymous_22)
FNDA:0,(anonymous_23)
FNDA:0,(anonymous_24)
FNDA:0,(anonymous_25)
FNDA:0,(anonymous_26)
FNDA:0,(anonymous_27)
FNDA:0,(anonymous_28)
FNDA:0,(anonymous_29)
FNDA:0,(anonymous_30)
FNDA:0,(anonymous_31)
FNDA:0,(anonymous_32)
FNDA:0,(anonymous_33)
FNDA:0,(anonymous_34)
FNDA:0,(anonymous_35)
FNDA:0,(anonymous_36)
FNDA:0,(anonymous_37)
FNDA:0,(anonymous_38)
FNDA:0,(anonymous_39)
FNDA:0,(anonymous_40)
FNDA:0,(anonymous_41)
FNDA:0,(anonymous_42)
FNDA:0,(anonymous_43)
FNDA:0,(anonymous_44)
FNDA:0,(anonymous_45)
FNDA:0,(anonymous_46)
FNDA:0,(anonymous_47)
FNDA:0,(anonymous_48)
FNDA:0,(anonymous_49)
FNDA:0,(anonymous_50)
FNDA:0,(anonymous_51)
FNDA:0,(anonymous_52)
FNDA:0,(anonymous_53)
FNDA:0,(anonymous_54)
FNDA:0,(anonymous_55)
FNDA:0,(anonymous_56)
FNDA:0,(anonymous_57)
FNDA:0,(anonymous_58)
FNDA:0,(anonymous_59)
FNDA:0,(anonymous_60)
FNDA:0,(anonymous_61)
FNDA:0,(anonymous_62)
FNDA:0,(anonymous_63)
FNDA:0,(anonymous_64)
FNDA:0,(anonymous_65)
FNDA:0,(anonymous_66)
FNDA:0,(anonymous_67)
FNDA:0,(anonymous_68)
FNDA:0,(anonymous_69)
FNDA:0,(anonymous_70)
FNDA:0,(anonymous_71)
FNDA:0,(anonymous_72)
FNDA:0,(anonymous_73)
FNDA:0,(anonymous_74)
FNDA:0,(anonymous_75)
FNDA:0,(anonymous_76)
FNDA:0,(anonymous_77)
FNDA:0,(anonymous_78)
FNDA:0,(anonymous_79)
FNDA:0,(anonymous_80)
FNDA:0,(anonymous_81)
FNDA:0,(anonymous_82)
FNDA:0,(anonymous_83)
FNDA:0,(anonymous_84)
FNDA:0,(anonymous_85)
FNDA:0,(anonymous_86)
FNDA:0,(anonymous_87)
FNDA:0,(anonymous_88)
FNDA:0,(anonymous_89)
FNDA:0,(anonymous_90)
FNDA:0,(anonymous_91)
FNDA:0,(anonymous_92)
FNDA:0,(anonymous_93)
FNDA:0,(anonymous_94)
FNDA:0,(anonymous_95)
FNDA:0,(anonymous_96)
FNDA:0,(anonymous_97)
FNDA:0,(anonymous_98)
FNDA:0,(anonymous_99)
FNDA:0,(anonymous_100)
FNDA:0,(anonymous_101)
FNDA:0,(anonymous_102)
FNDA:0,(anonymous_103)
FNDA:0,(anonymous_104)
FNDA:0,(anonymous_105)
FNDA:0,(anonymous_106)
FNDA:0,(anonymous_107)
FNDA:0,(anonymous_108)
FNDA:0,(anonymous_109)
FNDA:0,(anonymous_110)
FNDA:0,(anonymous_111)
FNDA:0,(anonymous_112)
FNDA:0,(anonymous_113)
FNDA:0,(anonymous_114)
FNDA:0,(anonymous_115)
FNDA:0,(anonymous_116)
FNDA:0,(anonymous_117)
FNDA:0,(anonymous_118)
FNDA:0,(anonymous_119)
FNDA:0,(anonymous_120)
FNDA:0,(anonymous_121)
FNDA:0,(anonymous_122)
FNDA:0,(anonymous_123)
FNDA:0,(anonymous_124)
FNDA:0,(anonymous_125)
DA:14,0
DA:17,0
DA:18,0
DA:19,0
DA:20,0
DA:23,0
DA:24,0
DA:27,0
DA:28,0
DA:30,0
DA:37,0
DA:38,0
DA:40,0
DA:42,0
DA:49,0
DA:56,0
DA:63,0
DA:69,0
DA:77,0
DA:82,0
DA:84,0
DA:104,0
DA:107,0
DA:109,0
DA:112,0
DA:120,0
DA:121,0
DA:122,0
DA:125,0
DA:136,0
DA:137,0
DA:139,0
DA:140,0
DA:143,0
DA:150,0
DA:163,0
DA:164,0
DA:166,0
DA:167,0
DA:170,0
DA:176,0
DA:179,0
DA:181,0
DA:182,0
DA:183,0
DA:192,0
DA:197,0
DA:198,0
DA:199,0
DA:201,0
DA:209,0
DA:210,0
DA:211,0
DA:212,0
DA:213,0
DA:217,0
DA:224,0
DA:228,0
DA:229,0
DA:231,0
DA:232,0
DA:233,0
DA:237,0
DA:245,0
DA:246,0
DA:247,0
DA:248,0
DA:249,0
DA:253,0
DA:254,0
DA:255,0
DA:259,0
DA:260,0
DA:261,0
DA:264,0
DA:266,0
DA:270,0
DA:280,0
DA:290,0
DA:291,0
DA:302,0
DA:303,0
DA:314,0
DA:315,0
DA:325,0
DA:328,0
DA:331,0
DA:333,0
DA:337,0
DA:338,0
DA:339,0
DA:351,0
DA:354,0
DA:355,0
DA:365,0
DA:366,0
DA:376,0
DA:377,0
DA:386,0
DA:390,0
DA:392,0
DA:393,0
DA:394,0
DA:396,0
DA:406,0
DA:410,0
DA:420,0
DA:432,0
DA:435,0
DA:438,0
DA:441,0
DA:444,0
DA:447,0
DA:449,0
DA:453,0
DA:462,0
DA:464,0
DA:465,0
DA:476,0
DA:480,0
DA:482,0
DA:484,0
DA:486,0
DA:488,0
DA:493,0
DA:495,0
DA:497,0
DA:499,0
DA:501,0
DA:506,0
DA:507,0
DA:508,0
DA:510,0
DA:511,0
DA:514,0
DA:518,0
DA:520,0
DA:521,0
DA:528,0
DA:529,0
DA:536,0
DA:540,0
DA:543,0
DA:544,0
DA:545,0
DA:554,0
DA:555,0
DA:565,0
DA:569,0
DA:572,0
DA:579,0
DA:586,0
DA:590,0
DA:593,0
DA:594,0
DA:595,0
DA:605,0
DA:609,0
DA:610,0
DA:611,0
DA:615,0
DA:621,0
DA:625,0
DA:628,0
DA:636,0
DA:637,0
DA:646,0
DA:653,0
DA:657,0
DA:659,0
DA:660,0
DA:661,0
DA:662,0
DA:663,0
DA:664,0
DA:666,0
DA:671,0
DA:673,0
DA:678,0
DA:682,0
DA:692,0
DA:696,0
DA:707,0
DA:711,0
DA:713,0
DA:715,0
DA:717,0
DA:719,0
DA:721,0
DA:726,0
DA:737,0
DA:738,0
DA:739,0
DA:741,0
DA:747,0
DA:750,0
DA:751,0
DA:754,0
DA:755,0
DA:756,0
DA:757,0
DA:758,0
DA:762,0
DA:763,0
DA:764,0
DA:765,0
DA:767,0
DA:771,0
DA:775,0
DA:779,0
DA:780,0
DA:783,0
DA:785,0
DA:786,0
DA:787,0
DA:788,0
DA:791,0
DA:795,0
DA:797,0
DA:798,0
DA:799,0
DA:800,0
DA:801,0
DA:802,0
DA:805,0
DA:809,0
DA:810,0
DA:813,0
DA:815,0
DA:816,0
DA:817,0
DA:818,0
DA:819,0
DA:822,0
DA:827,0
DA:829,0
DA:833,0
DA:837,0
DA:844,0
DA:849,0
DA:850,0
DA:851,0
DA:853,0
DA:858,0
DA:859,0
DA:861,0
DA:862,0
DA:864,0
DA:865,0
DA:866,0
DA:869,0
DA:873,0
DA:874,0
DA:876,0
DA:878,0
DA:879,0
DA:880,0
DA:881,0
DA:885,0
DA:889,0
DA:890,0
DA:892,0
DA:893,0
DA:895,0
DA:896,0
DA:897,0
DA:898,0
DA:902,0
DA:906,0
DA:908,0
DA:909,0
DA:911,0
DA:912,0
DA:913,0
DA:916,0
DA:921,0
DA:928,0
DA:929,0
DA:931,0
DA:932,0
DA:934,0
DA:939,0
DA:940,0
DA:941,0
DA:943,0
DA:947,0
DA:948,0
DA:950,0
DA:960,0
DA:968,0
DA:972,0
DA:975,0
DA:976,0
DA:979,0
DA:980,0
DA:983,0
DA:984,0
DA:985,0
DA:988,0
DA:990,0
DA:994,0
DA:996,0
DA:998,0
DA:1000,0
DA:1006,0
DA:1013,0
DA:1015,0
DA:1023,0
DA:1024,0
DA:1026,0
DA:1028,0
DA:1029,0
DA:1030,0
DA:1031,0
DA:1033,0
DA:1036,0
DA:1037,0
DA:1040,0
DA:1044,0
DA:1046,0
DA:1047,0
DA:1050,0
DA:1054,0
DA:1055,0
DA:1060,0
DA:1061,0
DA:1062,0
DA:1064,0
DA:1068,0
DA:1070,0
DA:1071,0
DA:1075,0
DA:1076,0
DA:1077,0
DA:1087,0
DA:1097,0
DA:1099,0
DA:1103,0
DA:1104,0
DA:1106,0
DA:1110,0
DA:1114,0
DA:1116,0
DA:1117,0
DA:1118,0
DA:1120,0
DA:1121,0
DA:1124,0
DA:1128,0
DA:1129,0
DA:1130,0
DA:1132,0
DA:1137,0
DA:1139,0
DA:1140,0
DA:1141,0
DA:1142,0
DA:1143,0
DA:1144,0
DA:1146,0
DA:1151,0
DA:1165,0
DA:1169,0
DA:1173,0
DA:1199,0
DA:1209,0
DA:1210,0
DA:1211,0
DA:1214,0
DA:1215,0
DA:1218,0
DA:1222,0
DA:1223,0
DA:1227,0
DA:1231,0
DA:1232,0
DA:1237,0
DA:1239,0
DA:1240,0
DA:1242,0
DA:1246,0
DA:1253,0
DA:1259,0
DA:1260,0
DA:1262,0
DA:1263,0
DA:1264,0
DA:1269,0
DA:1271,0
DA:1272,0
DA:1273,0
DA:1274,0
DA:1277,0
DA:1281,0
LF:394
LH:0
BRDA:119,0,0,0
BRDA:121,1,0,0
BRDA:121,1,1,0
BRDA:139,2,0,0
BRDA:139,2,1,0
BRDA:139,3,0,0
BRDA:139,3,1,0
BRDA:166,4,0,0
BRDA:166,4,1,0
BRDA:179,5,0,0
BRDA:179,5,1,0
BRDA:182,6,0,0
BRDA:182,6,1,0
BRDA:197,7,0,0
BRDA:197,7,1,0
BRDA:198,8,0,0
BRDA:198,8,1,0
BRDA:209,9,0,0
BRDA:209,9,1,0
BRDA:210,10,0,0
BRDA:210,10,1,0
BRDA:211,11,0,0
BRDA:211,11,1,0
BRDA:212,12,0,0
BRDA:212,12,1,0
BRDA:218,13,0,0
BRDA:218,13,1,0
BRDA:219,14,0,0
BRDA:219,14,1,0
BRDA:220,15,0,0
BRDA:220,15,1,0
BRDA:221,16,0,0
BRDA:221,16,1,0
BRDA:228,17,0,0
BRDA:228,17,1,0
BRDA:229,18,0,0
BRDA:229,18,1,0
BRDA:231,19,0,0
BRDA:231,19,1,0
BRDA:231,20,0,0
BRDA:231,20,1,0
BRDA:232,21,0,0
BRDA:232,21,1,0
BRDA:232,22,0,0
BRDA:232,22,1,0
BRDA:245,23,0,0
BRDA:245,23,1,0
BRDA:245,24,0,0
BRDA:245,24,1,0
BRDA:248,25,0,0
BRDA:248,25,1,0
BRDA:253,26,0,0
BRDA:253,26,1,0
BRDA:253,27,0,0
BRDA:253,27,1,0
BRDA:259,28,0,0
BRDA:259,28,1,0
BRDA:259,29,0,0
BRDA:259,29,1,0
BRDA:264,30,0,0
BRDA:264,30,1,0
BRDA:290,31,0,0
BRDA:290,31,1,0
BRDA:302,32,0,0
BRDA:302,32,1,0
BRDA:314,33,0,0
BRDA:314,33,1,0
BRDA:338,34,0,0
BRDA:338,34,1,0
BRDA:338,34,2,0
BRDA:343,35,0,0
BRDA:343,35,1,0
BRDA:344,36,0,0
BRDA:344,36,1,0
BRDA:354,37,0,0
BRDA:354,37,1,0
BRDA:365,38,0,0
BRDA:365,38,1,0
BRDA:376,39,0,0
BRDA:376,39,1,0
BRDA:381,40,0,0
BRDA:381,40,1,0
BRDA:398,41,0,0
BRDA:398,41,1,0
BRDA:400,42,0,0
BRDA:400,42,1,0
BRDA:454,43,0,0
BRDA:454,43,1,0
BRDA:455,44,0,0
BRDA:455,44,1,0
BRDA:456,45,0,0
BRDA:456,45,1,0
BRDA:471,46,0,0
BRDA:471,46,1,0
BRDA:480,47,0,0
BRDA:480,47,1,0
BRDA:480,47,2,0
BRDA:480,47,3,0
BRDA:493,48,0,0
BRDA:493,48,1,0
BRDA:493,48,2,0
BRDA:493,48,3,0
BRDA:495,49,0,0
BRDA:495,49,1,0
BRDA:497,50,0,0
BRDA:497,50,1,0
BRDA:499,51,0,0
BRDA:499,51,1,0
BRDA:501,52,0,0
BRDA:501,52,1,0
BRDA:506,53,0,0
BRDA:506,53,1,0
BRDA:507,54,0,0
BRDA:507,54,1,0
BRDA:510,55,0,0
BRDA:510,55,1,0
BRDA:520,56,0,0
BRDA:520,56,1,0
BRDA:528,57,0,0
BRDA:528,57,1,0
BRDA:544,58,0,0
BRDA:544,58,1,0
BRDA:554,59,0,0
BRDA:554,59,1,0
BRDA:575,60,0,0
BRDA:575,60,1,0
BRDA:594,61,0,0
BRDA:594,61,1,0
BRDA:609,62,0,0
BRDA:609,62,1,0
BRDA:610,63,0,0
BRDA:610,63,1,0
BRDA:621,64,0,0
BRDA:621,64,1,0
BRDA:630,65,0,0
BRDA:630,65,1,0
BRDA:631,66,0,0
BRDA:631,66,1,0
BRDA:636,67,0,0
BRDA:636,67,1,0
BRDA:639,68,0,0
BRDA:639,68,1,0
BRDA:640,69,0,0
BRDA:640,69,1,0
BRDA:657,70,0,0
BRDA:657,70,1,0
BRDA:659,71,0,0
BRDA:659,71,1,0
BRDA:661,72,0,0
BRDA:661,72,1,0
BRDA:663,73,0,0
BRDA:663,73,1,0
BRDA:672,74,0,0
BRDA:672,74,1,0
BRDA:673,75,0,0
BRDA:673,75,1,0
BRDA:674,76,0,0
BRDA:674,76,1,0
BRDA:675,77,0,0
BRDA:675,77,1,0
BRDA:711,78,0,0
BRDA:711,78,1,0
BRDA:711,78,2,0
BRDA:711,78,3,0
BRDA:711,78,4,0
BRDA:737,79,0,0
BRDA:737,79,1,0
BRDA:738,80,0,0
BRDA:738,80,1,0
BRDA:739,81,0,0
BRDA:739,81,1,0
BRDA:762,82,0,0
BRDA:762,82,1,0
BRDA:779,83,0,0
BRDA:779,83,1,0
BRDA:787,84,0,0
BRDA:787,84,1,0
BRDA:787,85,0,0
BRDA:787,85,1,0
BRDA:809,86,0,0
BRDA:809,86,1,0
BRDA:828,87,0,0
BRDA:828,87,1,0
BRDA:829,88,0,0
BRDA:829,88,1,0
BRDA:830,89,0,0
BRDA:830,89,1,0
BRDA:838,90,0,0
BRDA:838,90,1,0
BRDA:839,91,0,0
BRDA:839,91,1,0
BRDA:840,92,0,0
BRDA:840,92,1,0
BRDA:841,93,0,0
BRDA:841,93,1,0
BRDA:862,94,0,0
BRDA:862,94,1,0
BRDA:864,95,0,0
BRDA:864,95,1,0
BRDA:866,96,0,0
BRDA:866,96,1,0
BRDA:878,97,0,0
BRDA:878,97,1,0
BRDA:880,98,0,0
BRDA:880,98,1,0
BRDA:892,99,0,0
BRDA:892,99,1,0
BRDA:893,100,0,0
BRDA:893,100,1,0
BRDA:895,101,0,0
BRDA:895,101,1,0
BRDA:895,102,0,0
BRDA:895,102,1,0
BRDA:897,103,0,0
BRDA:897,103,1,0
BRDA:908,104,0,0
BRDA:908,104,1,0
BRDA:909,105,0,0
BRDA:909,105,1,0
BRDA:911,106,0,0
BRDA:911,106,1,0
BRDA:921,107,0,0
BRDA:921,107,1,0
BRDA:922,108,0,0
BRDA:922,108,1,0
BRDA:923,109,0,0
BRDA:923,109,1,0
BRDA:924,110,0,0
BRDA:924,110,1,0
BRDA:928,111,0,0
BRDA:928,111,1,0
BRDA:929,112,0,0
BRDA:929,112,1,0
BRDA:931,113,0,0
BRDA:931,113,1,0
BRDA:939,114,0,0
BRDA:939,114,1,0
BRDA:940,115,0,0
BRDA:940,115,1,0
BRDA:947,116,0,0
BRDA:947,116,1,0
BRDA:948,117,0,0
BRDA:948,117,1,0
BRDA:961,118,0,0
BRDA:961,118,1,0
BRDA:984,119,0,0
BRDA:984,119,1,0
BRDA:999,120,0,0
BRDA:999,120,1,0
BRDA:1023,121,0,0
BRDA:1023,121,1,0
BRDA:1028,122,0,0
BRDA:1028,122,1,0
BRDA:1030,123,0,0
BRDA:1030,123,1,0
BRDA:1036,124,0,0
BRDA:1036,124,1,0
BRDA:1068,125,0,0
BRDA:1068,125,1,0
BRDA:1075,126,0,0
BRDA:1075,126,1,0
BRDA:1076,127,0,0
BRDA:1076,127,1,0
BRDA:1103,128,0,0
BRDA:1103,128,1,0
BRDA:1128,129,0,0
BRDA:1128,129,1,0
BRDA:1129,130,0,0
BRDA:1129,130,1,0
BRDA:1130,131,0,0
BRDA:1130,131,1,0
BRDA:1137,132,0,0
BRDA:1137,132,1,0
BRDA:1139,133,0,0
BRDA:1139,133,1,0
BRDA:1141,134,0,0
BRDA:1141,134,1,0
BRDA:1143,135,0,0
BRDA:1143,135,1,0
BRDA:1169,136,0,0
BRDA:1169,136,1,0
BRDA:1222,137,0,0
BRDA:1222,137,1,0
BRDA:1237,138,0,0
BRDA:1237,138,1,0
BRDA:1247,139,0,0
BRDA:1247,139,1,0
BRDA:1248,140,0,0
BRDA:1248,140,1,0
BRDA:1249,141,0,0
BRDA:1249,141,1,0
BRDA:1250,142,0,0
BRDA:1250,142,1,0
BRDA:1259,143,0,0
BRDA:1259,143,1,0
BRDA:1262,144,0,0
BRDA:1262,144,1,0
BRDA:1263,145,0,0
BRDA:1263,145,1,0
BRDA:1272,146,0,0
BRDA:1272,146,1,0
BRDA:1273,147,0,0
BRDA:1273,147,1,0
BRF:303
BRH:0
end_of_record
TN:
SF:src/graduated-suspicion-system.js
FN:13,(anonymous_0)
FN:49,(anonymous_1)
FN:146,(anonymous_2)
FN:168,(anonymous_3)
FN:182,(anonymous_4)
FN:184,(anonymous_5)
FN:195,(anonymous_6)
FN:207,(anonymous_7)
FN:219,(anonymous_8)
FN:228,(anonymous_9)
FN:231,(anonymous_10)
FN:240,(anonymous_11)
FN:246,(anonymous_12)
FN:253,(anonymous_13)
FN:260,(anonymous_14)
FN:268,(anonymous_15)
FN:274,(anonymous_16)
FN:281,(anonymous_17)
FN:304,(anonymous_18)
FN:358,(anonymous_19)
FN:364,(anonymous_20)
FN:371,(anonymous_21)
FN:381,(anonymous_22)
FN:423,(anonymous_23)
FN:433,(anonymous_24)
FN:488,(anonymous_25)
FN:490,(anonymous_26)
FN:506,(anonymous_27)
FN:522,(anonymous_28)
FN:533,(anonymous_29)
FN:559,(anonymous_30)
FN:574,(anonymous_31)
FN:576,(anonymous_32)
FN:590,(anonymous_33)
FN:610,(anonymous_34)
FN:631,(anonymous_35)
FN:666,(anonymous_36)
FN:696,(anonymous_37)
FN:700,(anonymous_38)
FN:701,(anonymous_39)
FN:720,(anonymous_40)
FN:750,(anonymous_41)
FN:775,(anonymous_42)
FN:793,(anonymous_43)
FN:799,(anonymous_44)
FN:810,(anonymous_45)
FN:838,(anonymous_46)
FN:848,(anonymous_47)
FN:864,(anonymous_48)
FN:867,(anonymous_49)
FN:870,(anonymous_50)
FN:871,(anonymous_51)
FN:872,(anonymous_52)
FN:878,(anonymous_53)
FN:894,(anonymous_54)
FN:900,(anonymous_55)
FN:913,(anonymous_56)
FN:926,(anonymous_57)
FN:974,(anonymous_58)
FN:989,(anonymous_59)
FN:1007,(anonymous_60)
FN:1013,(anonymous_61)
FN:1022,(anonymous_62)
FN:1036,(anonymous_63)
FN:1039,(anonymous_64)
FN:1047,(anonymous_65)
FN:1062,(anonymous_66)
FN:1096,(anonymous_67)
FN:1099,(anonymous_68)
FN:1106,(anonymous_69)
FN:1109,(anonymous_70)
FN:1132,(anonymous_71)
FN:1136,(anonymous_72)
FN:1144,(anonymous_73)
FN:1149,(anonymous_74)
FN:1156,(anonymous_75)
FN:1169,(anonymous_76)
FN:1180,(anonymous_77)
FN:1192,(anonymous_78)
FN:1196,(anonymous_79)
FN:1198,(anonymous_80)
FN:1201,(anonymous_81)
FN:1204,(anonymous_82)
FN:1214,(anonymous_83)
FN:1215,(anonymous_84)
FN:1223,(anonymous_85)
FN:1228,(anonymous_86)
FN:1237,(anonymous_87)
FN:1239,(anonymous_88)
FN:1243,(anonymous_89)
FNF:90
FNH:0
FNDA:0,(anonymous_0)
FNDA:0,(anonymous_1)
FNDA:0,(anonymous_2)
FNDA:0,(anonymous_3)
FNDA:0,(anonymous_4)
FNDA:0,(anonymous_5)
FNDA:0,(anonymous_6)
FNDA:0,(anonymous_7)
FNDA:0,(anonymous_8)
FNDA:0,(anonymous_9)
FNDA:0,(anonymous_10)
FNDA:0,(anonymous_11)
FNDA:0,(anonymous_12)
FNDA:0,(anonymous_13)
FNDA:0,(anonymous_14)
FNDA:0,(anonymous_15)
FNDA:0,(anonymous_16)
FNDA:0,(anonymous_17)
FNDA:0,(anonymous_18)
FNDA:0,(anonymous_19)
FNDA:0,(anonymous_20)
FNDA:0,(anonymous_21)
FNDA:0,(anonymous_22)
FNDA:0,(anonymous_23)
FNDA:0,(anonymous_24)
FNDA:0,(anonymous_25)
FNDA:0,(anonymous_26)
FNDA:0,(anonymous_27)
FNDA:0,(anonymous_28)
FNDA:0,(anonymous_29)
FNDA:0,(anonymous_30)
FNDA:0,(anonymous_31)
FNDA:0,(anonymous_32)
FNDA:0,(anonymous_33)
FNDA:0,(anonymous_34)
FNDA:0,(anonymous_35)
FNDA:0,(anonymous_36)
FNDA:0,(anonymous_37)
FNDA:0,(anonymous_38)
FNDA:0,(anonymous_39)
FNDA:0,(anonymous_40)
FNDA:0,(anonymous_41)
FNDA:0,(anonymous_42)
FNDA:0,(anonymous_43)
FNDA:0,(anonymous_44)
FNDA:0,(anonymous_45)
FNDA:0,(anonymous_46)
FNDA:0,(anonymous_47)
FNDA:0,(anonymous_48)
FNDA:0,(anonymous_49)
FNDA:0,(anonymous_50)
FNDA:0,(anonymous_51)
FNDA:0,(anonymous_52)
FNDA:0,(anonymous_53)
FNDA:0,(anonymous_54)
FNDA:0,(anonymous_55)
FNDA:0,(anonymous_56)
FNDA:0,(anonymous_57)
FNDA:0,(anonymous_58)
FNDA:0,(anonymous_59)
FNDA:0,(anonymous_60)
FNDA:0,(anonymous_61)
FNDA:0,(anonymous_62)
FNDA:0,(anonymous_63)
FNDA:0,(anonymous_64)
FNDA:0,(anonymous_65)
FNDA:0,(anonymous_66)
FNDA:0,(anonymous_67)
FNDA:0,(anonymous_68)
FNDA:0,(anonymous_69)
FNDA:0,(anonymous_70)
FNDA:0,(anonymous_71)
FNDA:0,(anonymous_72)
FNDA:0,(anonymous_73)
FNDA:0,(anonymous_74)
FNDA:0,(anonymous_75)
FNDA:0,(anonymous_76)
FNDA:0,(anonymous_77)
FNDA:0,(anonymous_78)
FNDA:0,(anonymous_79)
FNDA:0,(anonymous_80)
FNDA:0,(anonymous_81)
FNDA:0,(anonymous_82)
FNDA:0,(anonymous_83)
FNDA:0,(anonymous_84)
FNDA:0,(anonymous_85)
FNDA:0,(anonymous_86)
FNDA:0,(anonymous_87)
FNDA:0,(anonymous_88)
FNDA:0,(anonymous_89)
DA:14,0
DA:17,0
DA:18,0
DA:19,0
DA:20,0
DA:23,0
DA:33,0
DA:40,0
DA:41,0
DA:43,0
DA:50,0
DA:51,0
DA:53,0
DA:55,0
DA:62,0
DA:69,0
DA:76,0
DA:84,0
DA:87,0
DA:94,0
DA:96,0
DA:131,0
DA:134,0
DA:136,0
DA:139,0
DA:147,0
DA:148,0
DA:149,0
DA:153,0
DA:156,0
DA:158,0
DA:169,0
DA:183,0
DA:184,0
DA:186,0
DA:187,0
DA:190,0
DA:196,0
DA:198,0
DA:199,0
DA:200,0
DA:201,0
DA:202,0
DA:203,0
DA:204,0
DA:208,0
DA:216,0
DA:220,0
DA:221,0
DA:222,0
DA:224,0
DA:229,0
DA:231,0
DA:232,0
DA:233,0
DA:234,0
DA:237,0
DA:241,0
DA:243,0
DA:244,0
DA:246,0
DA:247,0
DA:250,0
DA:254,0
DA:255,0
DA:258,0
DA:260,0
DA:261,0
DA:265,0
DA:269,0
DA:271,0
DA:272,0
DA:274,0
DA:275,0
DA:278,0
DA:282,0
DA:305,0
DA:306,0
DA:309,0
DA:311,0
DA:316,0
DA:318,0
DA:323,0
DA:325,0
DA:330,0
DA:332,0
DA:337,0
DA:339,0
DA:347,0
DA:348,0
DA:355,0
DA:359,0
DA:364,0
DA:365,0
DA:368,0
DA:372,0
DA:373,0
DA:375,0
DA:376,0
DA:378,0
DA:382,0
DA:390,0
DA:391,0
DA:392,0
DA:396,0
DA:397,0
DA:398,0
DA:402,0
DA:403,0
DA:404,0
DA:408,0
DA:409,0
DA:411,0
DA:412,0
DA:414,0
DA:415,0
DA:418,0
DA:420,0
DA:424,0
DA:434,0
DA:435,0
DA:436,0
DA:439,0
DA:440,0
DA:441,0
DA:442,0
DA:443,0
DA:447,0
DA:448,0
DA:449,0
DA:450,0
DA:451,0
DA:455,0
DA:456,0
DA:457,0
DA:458,0
DA:459,0
DA:463,0
DA:464,0
DA:465,0
DA:466,0
DA:467,0
DA:471,0
DA:472,0
DA:473,0
DA:474,0
DA:475,0
DA:478,0
DA:480,0
DA:489,0
DA:490,0
DA:491,0
DA:492,0
DA:494,0
DA:495,0
DA:497,0
DA:507,0
DA:510,0
DA:511,0
DA:512,0
DA:516,0
DA:517,0
DA:518,0
DA:521,0
DA:522,0
DA:524,0
DA:534,0
DA:535,0
DA:538,0
DA:547,0
DA:548,0
DA:550,0
DA:560,0
DA:561,0
DA:563,0
DA:565,0
DA:575,0
DA:576,0
DA:577,0
DA:579,0
DA:581,0
DA:591,0
DA:592,0
DA:595,0
DA:597,0
DA:598,0
DA:599,0
DA:600,0
DA:603,0
DA:604,0
DA:607,0
DA:611,0
DA:612,0
DA:615,0
DA:622,0
DA:632,0
DA:633,0
DA:636,0
DA:637,0
DA:638,0
DA:641,0
DA:642,0
DA:643,0
DA:646,0
DA:647,0
DA:648,0
DA:651,0
DA:652,0
DA:653,0
DA:656,0
DA:658,0
DA:667,0
DA:668,0
DA:671,0
DA:672,0
DA:673,0
DA:677,0
DA:678,0
DA:679,0
DA:683,0
DA:684,0
DA:685,0
DA:688,0
DA:697,0
DA:700,0
DA:701,0
DA:703,0
DA:704,0
DA:708,0
DA:709,0
DA:712,0
DA:721,0
DA:722,0
DA:725,0
DA:726,0
DA:727,0
DA:731,0
DA:732,0
DA:733,0
DA:737,0
DA:738,0
DA:739,0
DA:742,0
DA:751,0
DA:752,0
DA:755,0
DA:756,0
DA:757,0
DA:758,0
DA:762,0
DA:763,0
DA:764,0
DA:767,0
DA:779,0
DA:780,0
DA:781,0
DA:782,0
DA:785,0
DA:786,0
DA:788,0
DA:794,0
DA:795,0
DA:797,0
DA:798,0
DA:799,0
DA:801,0
DA:811,0
DA:814,0
DA:817,0
DA:820,0
DA:823,0
DA:826,0
DA:829,0
DA:837,0
DA:838,0
DA:840,0
DA:850,0
DA:852,0
DA:853,0
DA:857,0
DA:858,0
DA:861,0
DA:866,0
DA:867,0
DA:870,0
DA:871,0
DA:872,0
DA:873,0
DA:875,0
DA:879,0
DA:882,0
DA:883,0
DA:887,0
DA:888,0
DA:891,0
DA:897,0
DA:901,0
DA:902,0
DA:903,0
DA:904,0
DA:914,0
DA:915,0
DA:916,0
DA:927,0
DA:928,0
DA:931,0
DA:936,0
DA:937,0
DA:938,0
DA:942,0
DA:946,0
DA:947,0
DA:948,0
DA:952,0
DA:956,0
DA:957,0
DA:958,0
DA:962,0
DA:963,0
DA:964,0
DA:966,0
DA:975,0
DA:977,0
DA:984,0
DA:986,0
DA:991,0
DA:997,0
DA:998,0
DA:999,0
DA:1001,0
DA:1004,0
DA:1008,0
DA:1015,0
DA:1017,0
DA:1018,0
DA:1022,0
DA:1023,0
DA:1026,0
DA:1027,0
DA:1029,0
DA:1038,0
DA:1039,0
DA:1042,0
DA:1043,0
DA:1047,0
DA:1049,0
DA:1050,0
DA:1052,0
DA:1055,0
DA:1064,0
DA:1065,0
DA:1068,0
DA:1069,0
DA:1070,0
DA:1072,0
DA:1073,0
DA:1078,0
DA:1079,0
DA:1080,0
DA:1081,0
DA:1082,0
DA:1083,0
DA:1084,0
DA:1085,0
DA:1089,0
DA:1097,0
DA:1099,0
DA:1100,0
DA:1101,0
DA:1102,0
DA:1106,0
DA:1110,0
DA:1112,0
DA:1113,0
DA:1116,0
DA:1117,0
DA:1118,0
DA:1119,0
DA:1123,0
DA:1124,0
DA:1125,0
DA:1126,0
DA:1129,0
DA:1133,0
DA:1138,0
DA:1139,0
DA:1140,0
DA:1142,0
DA:1144,0
DA:1145,0
DA:1147,0
DA:1149,0
DA:1150,0
DA:1157,0
DA:1158,0
DA:1159,0
DA:1160,0
DA:1170,0
DA:1181,0
DA:1182,0
DA:1183,0
DA:1184,0
DA:1187,0
DA:1188,0
DA:1189,0
DA:1193,0
DA:1197,0
DA:1198,0
DA:1202,0
DA:1204,0
DA:1207,0
DA:1208,0
DA:1210,0
DA:1211,0
DA:1214,0
DA:1215,0
DA:1217,0
DA:1220,0
DA:1224,0
DA:1225,0
DA:1228,0
DA:1230,0
DA:1238,0
DA:1239,0
DA:1244,0
DA:1245,0
DA:1246,0
DA:1249,0
DA:1253,0
LF:429
LH:0
BRDA:148,0,0,0
BRDA:148,0,1,0
BRDA:186,1,0,0
BRDA:186,1,1,0
BRDA:198,2,0,0
BRDA:198,2,1,0
BRDA:199,3,0,0
BRDA:199,3,1,0
BRDA:200,4,0,0
BRDA:200,4,1,0
BRDA:201,5,0,0
BRDA:201,5,1,0
BRDA:202,6,0,0
BRDA:202,6,1,0
BRDA:203,7,0,0
BRDA:203,7,1,0
BRDA:232,8,0,0
BRDA:232,8,1,0
BRDA:254,9,0,0
BRDA:254,9,1,0
BRDA:254,10,0,0
BRDA:254,10,1,0
BRDA:261,11,0,0
BRDA:261,11,1,0
BRDA:309,12,0,0
BRDA:309,12,1,0
BRDA:309,12,2,0
BRDA:309,12,3,0
BRDA:309,12,4,0
BRDA:347,13,0,0
BRDA:347,13,1,0
BRDA:390,14,0,0
BRDA:390,14,1,0
BRDA:390,15,0,0
BRDA:390,15,1,0
BRDA:396,16,0,0
BRDA:396,16,1,0
BRDA:396,17,0,0
BRDA:396,17,1,0
BRDA:402,18,0,0
BRDA:402,18,1,0
BRDA:402,19,0,0
BRDA:402,19,1,0
BRDA:408,20,0,0
BRDA:408,20,1,0
BRDA:411,21,0,0
BRDA:411,21,1,0
BRDA:414,22,0,0
BRDA:414,22,1,0
BRDA:418,23,0,0
BRDA:418,23,1,0
BRDA:439,24,0,0
BRDA:439,24,1,0
BRDA:447,25,0,0
BRDA:447,25,1,0
BRDA:447,26,0,0
BRDA:447,26,1,0
BRDA:455,27,0,0
BRDA:455,27,1,0
BRDA:463,28,0,0
BRDA:463,28,1,0
BRDA:471,29,0,0
BRDA:471,29,1,0
BRDA:478,30,0,0
BRDA:478,30,1,0
BRDA:489,31,0,0
BRDA:489,31,1,0
BRDA:494,32,0,0
BRDA:494,32,1,0
BRDA:495,33,0,0
BRDA:495,33,1,0
BRDA:500,34,0,0
BRDA:500,34,1,0
BRDA:510,35,0,0
BRDA:510,35,1,0
BRDA:516,36,0,0
BRDA:516,36,1,0
BRDA:521,37,0,0
BRDA:521,37,1,0
BRDA:527,38,0,0
BRDA:527,38,1,0
BRDA:535,39,0,0
BRDA:535,39,1,0
BRDA:547,40,0,0
BRDA:547,40,1,0
BRDA:553,41,0,0
BRDA:553,41,1,0
BRDA:560,42,0,0
BRDA:560,42,1,0
BRDA:561,43,0,0
BRDA:561,43,1,0
BRDA:568,44,0,0
BRDA:568,44,1,0
BRDA:575,45,0,0
BRDA:575,45,1,0
BRDA:579,46,0,0
BRDA:579,46,1,0
BRDA:584,47,0,0
BRDA:584,47,1,0
BRDA:591,48,0,0
BRDA:591,48,1,0
BRDA:592,49,0,0
BRDA:592,49,1,0
BRDA:597,50,0,0
BRDA:597,50,1,0
BRDA:597,51,0,0
BRDA:597,51,1,0
BRDA:599,52,0,0
BRDA:599,52,1,0
BRDA:599,53,0,0
BRDA:599,53,1,0
BRDA:603,54,0,0
BRDA:603,54,1,0
BRDA:603,55,0,0
BRDA:603,55,1,0
BRDA:611,56,0,0
BRDA:611,56,1,0
BRDA:612,57,0,0
BRDA:612,57,1,0
BRDA:622,58,0,0
BRDA:622,58,1,0
BRDA:671,59,0,0
BRDA:671,59,1,0
BRDA:671,60,0,0
BRDA:671,60,1,0
BRDA:677,61,0,0
BRDA:677,61,1,0
BRDA:677,62,0,0
BRDA:677,62,1,0
BRDA:683,63,0,0
BRDA:683,63,1,0
BRDA:683,64,0,0
BRDA:683,64,1,0
BRDA:703,65,0,0
BRDA:703,65,1,0
BRDA:708,66,0,0
BRDA:708,66,1,0
BRDA:725,67,0,0
BRDA:725,67,1,0
BRDA:731,68,0,0
BRDA:731,68,1,0
BRDA:737,69,0,0
BRDA:737,69,1,0
BRDA:737,70,0,0
BRDA:737,70,1,0
BRDA:755,71,0,0
BRDA:755,71,1,0
BRDA:756,72,0,0
BRDA:756,72,1,0
BRDA:762,73,0,0
BRDA:762,73,1,0
BRDA:762,74,0,0
BRDA:762,74,1,0
BRDA:779,75,0,0
BRDA:779,75,1,0
BRDA:781,76,0,0
BRDA:781,76,1,0
BRDA:785,77,0,0
BRDA:785,77,1,0
BRDA:795,78,0,0
BRDA:795,78,1,0
BRDA:852,79,0,0
BRDA:852,79,1,0
BRDA:857,80,0,0
BRDA:857,80,1,0
BRDA:882,81,0,0
BRDA:882,81,1,0
BRDA:882,82,0,0
BRDA:882,82,1,0
BRDA:887,83,0,0
BRDA:887,83,1,0
BRDA:901,84,0,0
BRDA:901,84,1,0
BRDA:902,85,0,0
BRDA:902,85,1,0
BRDA:903,86,0,0
BRDA:903,86,1,0
BRDA:936,87,0,0
BRDA:936,87,1,0
BRDA:946,88,0,0
BRDA:946,88,1,0
BRDA:956,89,0,0
BRDA:956,89,1,0
BRDA:997,90,0,0
BRDA:997,90,1,0
BRDA:998,91,0,0
BRDA:998,91,1,0
BRDA:1017,92,0,0
BRDA:1017,92,1,0
BRDA:1023,93,0,0
BRDA:1023,93,1,0
BRDA:1023,94,0,0
BRDA:1023,94,1,0
BRDA:1042,95,0,0
BRDA:1042,95,1,0
BRDA:1050,96,0,0
BRDA:1050,96,1,0
BRDA:1052,97,0,0
BRDA:1052,97,1,0
BRDA:1068,98,0,0
BRDA:1068,98,1,0
BRDA:1070,99,0,0
BRDA:1070,99,1,0
BRDA:1070,100,0,0
BRDA:1070,100,1,0
BRDA:1078,101,0,0
BRDA:1078,101,1,0
BRDA:1078,102,0,0
BRDA:1078,102,1,0
BRDA:1080,103,0,0
BRDA:1080,103,1,0
BRDA:1083,104,0,0
BRDA:1083,104,1,0
BRDA:1101,105,0,0
BRDA:1101,105,1,0
BRDA:1110,106,0,0
BRDA:1110,106,1,0
BRDA:1110,107,0,0
BRDA:1110,107,1,0
BRDA:1116,108,0,0
BRDA:1116,108,1,0
BRDA:1116,109,0,0
BRDA:1116,109,1,0
BRDA:1123,110,0,0
BRDA:1123,110,1,0
BRDA:1123,111,0,0
BRDA:1123,111,1,0
BRDA:1125,112,0,0
BRDA:1125,112,1,0
BRDA:1129,113,0,0
BRDA:1129,113,1,0
BRDA:1138,114,0,0
BRDA:1138,114,1,0
BRDA:1142,115,0,0
BRDA:1142,115,1,0
BRDA:1142,116,0,0
BRDA:1142,116,1,0
BRDA:1142,116,2,0
BRDA:1147,117,0,0
BRDA:1147,117,1,0
BRDA:1147,118,0,0
BRDA:1147,118,1,0
BRDA:1147,118,2,0
BRDA:1157,119,0,0
BRDA:1157,119,1,0
BRDA:1158,120,0,0
BRDA:1158,120,1,0
BRDA:1159,121,0,0
BRDA:1159,121,1,0
BRDA:1188,122,0,0
BRDA:1188,122,1,0
BRDA:1197,123,0,0
BRDA:1197,123,1,0
BRDA:1202,124,0,0
BRDA:1202,124,1,0
BRDA:1210,125,0,0
BRDA:1210,125,1,0
BRDA:1210,126,0,0
BRDA:1210,126,1,0
BRDA:1217,127,0,0
BRDA:1217,127,1,0
BRDA:1218,128,0,0
BRDA:1218,128,1,0
BRDA:1224,129,0,0
BRDA:1224,129,1,0
BRDA:1233,130,0,0
BRDA:1233,130,1,0
BRDA:1233,131,0,0
BRDA:1233,131,1,0
BRDA:1246,132,0,0
BRDA:1246,132,1,0
BRDA:1247,133,0,0
BRDA:1247,133,1,0
BRF:273
BRH:0
end_of_record
TN:
SF:src/intent-modeling-framework.js
FN:13,(anonymous_0)
FN:39,(anonymous_1)
FN:125,(anonymous_2)
FN:141,(anonymous_3)
FN:151,(anonymous_4)
FN:164,(anonymous_5)
FN:168,(anonymous_6)
FN:192,(anonymous_7)
FN:209,(anonymous_8)
FN:221,(anonymous_9)
FN:233,(anonymous_10)
FN:244,(anonymous_11)
FN:261,(anonymous_12)
FN:266,(anonymous_13)
FN:276,(anonymous_14)
FN:284,(anonymous_15)
FN:294,(anonymous_16)
FN:314,(anonymous_17)
FN:337,(anonymous_18)
FN:340,(anonymous_19)
FN:344,(anonymous_20)
FN:345,(anonymous_21)
FN:346,(anonymous_22)
FN:353,(anonymous_23)
FN:356,(anonymous_24)
FN:357,(anonymous_25)
FN:367,(anonymous_26)
FN:370,(anonymous_27)
FN:378,(anonymous_28)
FN:383,(anonymous_29)
FN:384,(anonymous_30)
FN:390,(anonymous_31)
FN:393,(anonymous_32)
FN:394,(anonymous_33)
FN:397,(anonymous_34)
FN:399,(anonymous_35)
FN:403,(anonymous_36)
FN:408,(anonymous_37)
FN:431,(anonymous_38)
FN:433,(anonymous_39)
FN:440,(anonymous_40)
FN:451,(anonymous_41)
FN:455,(anonymous_42)
FN:466,(anonymous_43)
FN:476,(anonymous_44)
FN:509,(anonymous_45)
FN:513,(anonymous_46)
FN:520,(anonymous_47)
FN:524,(anonymous_48)
FN:549,(anonymous_49)
FN:572,(anonymous_50)
FN:583,(anonymous_51)
FN:591,(anonymous_52)
FN:594,(anonymous_53)
FN:600,(anonymous_54)
FN:601,(anonymous_55)
FN:604,(anonymous_56)
FN:605,(anonymous_57)
FN:608,(anonymous_58)
FN:673,(anonymous_59)
FN:677,(anonymous_60)
FN:699,(anonymous_61)
FN:714,(anonymous_62)
FN:717,(anonymous_63)
FN:723,(anonymous_64)
FN:738,(anonymous_65)
FN:742,(anonymous_66)
FN:749,(anonymous_67)
FN:758,(anonymous_68)
FN:770,(anonymous_69)
FN:773,(anonymous_70)
FN:774,(anonymous_71)
FN:784,(anonymous_72)
FN:786,(anonymous_73)
FN:787,(anonymous_74)
FN:794,(anonymous_75)
FN:804,(anonymous_76)
FN:816,(anonymous_77)
FN:827,(anonymous_78)
FN:832,(anonymous_79)
FN:843,(anonymous_80)
FN:881,(anonymous_81)
FN:900,(anonymous_82)
FN:914,(anonymous_83)
FN:924,(anonymous_84)
FN:933,(anonymous_85)
FN:942,(anonymous_86)
FN:969,(anonymous_87)
FN:970,(anonymous_88)
FN:977,(anonymous_89)
FN:985,(anonymous_90)
FN:988,(anonymous_91)
FN:1013,(anonymous_92)
FN:1021,(anonymous_93)
FN:1027,(anonymous_94)
FN:1039,(anonymous_95)
FN:1051,(anonymous_96)
FN:1063,(anonymous_97)
FN:1070,(anonymous_98)
FN:1077,(anonymous_99)
FN:1087,(anonymous_100)
FN:1100,(anonymous_101)
FN:1104,(anonymous_102)
FN:1114,(anonymous_103)
FN:1117,(anonymous_104)
FN:1118,(anonymous_105)
FN:1128,(anonymous_106)
FN:1142,(anonymous_107)
FN:1149,(anonymous_108)
FN:1153,(anonymous_109)
FN:1163,(anonymous_110)
FN:1166,(anonymous_111)
FN:1174,(anonymous_112)
FN:1176,(anonymous_113)
FN:1180,(anonymous_114)
FN:1183,(anonymous_115)
FN:1184,(anonymous_116)
FN:1190,(anonymous_117)
FN:1195,(anonymous_118)
FN:1201,(anonymous_119)
FN:1208,(anonymous_120)
FN:1214,(anonymous_121)
FN:1215,(anonymous_122)
FN:1222,(anonymous_123)
FN:1224,(anonymous_124)
FN:1232,(anonymous_125)
FN:1241,(anonymous_126)
FN:1244,(anonymous_127)
FN:1246,(anonymous_128)
FN:1251,(anonymous_129)
FN:1258,(anonymous_130)
FN:1270,(anonymous_131)
FN:1287,(anonymous_132)
FN:1296,(anonymous_133)
FN:1305,(anonymous_134)
FN:1307,(anonymous_135)
FN:1311,(anonymous_136)
FN:1322,(anonymous_137)
FN:1342,(anonymous_138)
FN:1352,(anonymous_139)
FN:1362,(anonymous_140)
FN:1371,(anonymous_141)
FN:1385,(anonymous_142)
FN:1386,(anonymous_143)
FN:1399,(anonymous_144)
FN:1410,(anonymous_145)
FN:1422,(anonymous_146)
FN:1434,(anonymous_147)
FN:1446,(anonymous_148)
FN:1458,(anonymous_149)
FN:1467,(anonymous_150)
FN:1475,(anonymous_151)
FN:1483,(anonymous_152)
FN:1485,(anonymous_153)
FN:1490,(anonymous_154)
FN:1498,(anonymous_155)
FN:1506,(anonymous_156)
FN:1514,(anonymous_157)
FN:1521,(anonymous_158)
FN:1528,(anonymous_159)
FN:1550,(anonymous_160)
FN:1570,(anonymous_161)
FN:1574,(anonymous_162)
FN:1578,(anonymous_163)
FN:1583,(anonymous_164)
FN:1612,(anonymous_165)
FN:1620,(anonymous_166)
FN:1649,(anonymous_167)
FN:1653,(anonymous_168)
FN:1680,(anonymous_169)
FN:1681,(anonymous_170)
FN:1695,(anonymous_171)
FN:1697,(anonymous_172)
FN:1700,(anonymous_173)
FN:1712,(anonymous_174)
FN:1714,(anonymous_175)
FN:1724,(anonymous_176)
FN:1744,(anonymous_177)
FN:1752,(anonymous_178)
FN:1769,(anonymous_179)
FN:1771,(anonymous_180)
FN:1783,(anonymous_181)
FN:1796,(anonymous_182)
FNF:183
FNH:0
FNDA:0,(anonymous_0)
FNDA:0,(anonymous_1)
FNDA:0,(anonymous_2)
FNDA:0,(anonymous_3)
FNDA:0,(anonymous_4)
FNDA:0,(anonymous_5)
FNDA:0,(anonymous_6)
FNDA:0,(anonymous_7)
FNDA:0,(anonymous_8)
FNDA:0,(anonymous_9)
FNDA:0,(anonymous_10)
FNDA:0,(anonymous_11)
FNDA:0,(anonymous_12)
FNDA:0,(anonymous_13)
FNDA:0,(anonymous_14)
FNDA:0,(anonymous_15)
FNDA:0,(anonymous_16)
FNDA:0,(anonymous_17)
FNDA:0,(anonymous_18)
FNDA:0,(anonymous_19)
FNDA:0,(anonymous_20)
FNDA:0,(anonymous_21)
FNDA:0,(anonymous_22)
FNDA:0,(anonymous_23)
FNDA:0,(anonymous_24)
FNDA:0,(anonymous_25)
FNDA:0,(anonymous_26)
FNDA:0,(anonymous_27)
FNDA:0,(anonymous_28)
FNDA:0,(anonymous_29)
FNDA:0,(anonymous_30)
FNDA:0,(anonymous_31)
FNDA:0,(anonymous_32)
FNDA:0,(anonymous_33)
FNDA:0,(anonymous_34)
FNDA:0,(anonymous_35)
FNDA:0,(anonymous_36)
FNDA:0,(anonymous_37)
FNDA:0,(anonymous_38)
FNDA:0,(anonymous_39)
FNDA:0,(anonymous_40)
FNDA:0,(anonymous_41)
FNDA:0,(anonymous_42)
FNDA:0,(anonymous_43)
FNDA:0,(anonymous_44)
FNDA:0,(anonymous_45)
FNDA:0,(anonymous_46)
FNDA:0,(anonymous_47)
FNDA:0,(anonymous_48)
FNDA:0,(anonymous_49)
FNDA:0,(anonymous_50)
FNDA:0,(anonymous_51)
FNDA:0,(anonymous_52)
FNDA:0,(anonymous_53)
FNDA:0,(anonymous_54)
FNDA:0,(anonymous_55)
FNDA:0,(anonymous_56)
FNDA:0,(anonymous_57)
FNDA:0,(anonymous_58)
FNDA:0,(anonymous_59)
FNDA:0,(anonymous_60)
FNDA:0,(anonymous_61)
FNDA:0,(anonymous_62)
FNDA:0,(anonymous_63)
FNDA:0,(anonymous_64)
FNDA:0,(anonymous_65)
FNDA:0,(anonymous_66)
FNDA:0,(anonymous_67)
FNDA:0,(anonymous_68)
FNDA:0,(anonymous_69)
FNDA:0,(anonymous_70)
FNDA:0,(anonymous_71)
FNDA:0,(anonymous_72)
FNDA:0,(anonymous_73)
FNDA:0,(anonymous_74)
FNDA:0,(anonymous_75)
FNDA:0,(anonymous_76)
FNDA:0,(anonymous_77)
FNDA:0,(anonymous_78)
FNDA:0,(anonymous_79)
FNDA:0,(anonymous_80)
FNDA:0,(anonymous_81)
FNDA:0,(anonymous_82)
FNDA:0,(anonymous_83)
FNDA:0,(anonymous_84)
FNDA:0,(anonymous_85)
FNDA:0,(anonymous_86)
FNDA:0,(anonymous_87)
FNDA:0,(anonymous_88)
FNDA:0,(anonymous_89)
FNDA:0,(anonymous_90)
FNDA:0,(anonymous_91)
FNDA:0,(anonymous_92)
FNDA:0,(anonymous_93)
FNDA:0,(anonymous_94)
FNDA:0,(anonymous_95)
FNDA:0,(anonymous_96)
FNDA:0,(anonymous_97)
FNDA:0,(anonymous_98)
FNDA:0,(anonymous_99)
FNDA:0,(anonymous_100)
FNDA:0,(anonymous_101)
FNDA:0,(anonymous_102)
FNDA:0,(anonymous_103)
FNDA:0,(anonymous_104)
FNDA:0,(anonymous_105)
FNDA:0,(anonymous_106)
FNDA:0,(anonymous_107)
FNDA:0,(anonymous_108)
FNDA:0,(anonymous_109)
FNDA:0,(anonymous_110)
FNDA:0,(anonymous_111)
FNDA:0,(anonymous_112)
FNDA:0,(anonymous_113)
FNDA:0,(anonymous_114)
FNDA:0,(anonymous_115)
FNDA:0,(anonymous_116)
FNDA:0,(anonymous_117)
FNDA:0,(anonymous_118)
FNDA:0,(anonymous_119)
FNDA:0,(anonymous_120)
FNDA:0,(anonymous_121)
FNDA:0,(anonymous_122)
FNDA:0,(anonymous_123)
FNDA:0,(anonymous_124)
FNDA:0,(anonymous_125)
FNDA:0,(anonymous_126)
FNDA:0,(anonymous_127)
FNDA:0,(anonymous_128)
FNDA:0,(anonymous_129)
FNDA:0,(anonymous_130)
FNDA:0,(anonymous_131)
FNDA:0,(anonymous_132)
FNDA:0,(anonymous_133)
FNDA:0,(anonymous_134)
FNDA:0,(anonymous_135)
FNDA:0,(anonymous_136)
FNDA:0,(anonymous_137)
FNDA:0,(anonymous_138)
FNDA:0,(anonymous_139)
FNDA:0,(anonymous_140)
FNDA:0,(anonymous_141)
FNDA:0,(anonymous_142)
FNDA:0,(anonymous_143)
FNDA:0,(anonymous_144)
FNDA:0,(anonymous_145)
FNDA:0,(anonymous_146)
FNDA:0,(anonymous_147)
FNDA:0,(anonymous_148)
FNDA:0,(anonymous_149)
FNDA:0,(anonymous_150)
FNDA:0,(anonymous_151)
FNDA:0,(anonymous_152)
FNDA:0,(anonymous_153)
FNDA:0,(anonymous_154)
FNDA:0,(anonymous_155)
FNDA:0,(anonymous_156)
FNDA:0,(anonymous_157)
FNDA:0,(anonymous_158)
FNDA:0,(anonymous_159)
FNDA:0,(anonymous_160)
FNDA:0,(anonymous_161)
FNDA:0,(anonymous_162)
FNDA:0,(anonymous_163)
FNDA:0,(anonymous_164)
FNDA:0,(anonymous_165)
FNDA:0,(anonymous_166)
FNDA:0,(anonymous_167)
FNDA:0,(anonymous_168)
FNDA:0,(anonymous_169)
FNDA:0,(anonymous_170)
FNDA:0,(anonymous_171)
FNDA:0,(anonymous_172)
FNDA:0,(anonymous_173)
FNDA:0,(anonymous_174)
FNDA:0,(anonymous_175)
FNDA:0,(anonymous_176)
FNDA:0,(anonymous_177)
FNDA:0,(anonymous_178)
FNDA:0,(anonymous_179)
FNDA:0,(anonymous_180)
FNDA:0,(anonymous_181)
FNDA:0,(anonymous_182)
DA:14,0
DA:17,0
DA:18,0
DA:19,0
DA:20,0
DA:23,0
DA:24,0
DA:27,0
DA:28,0
DA:31,0
DA:33,0
DA:40,0
DA:41,0
DA:43,0
DA:45,0
DA:52,0
DA:59,0
DA:65,0
DA:71,0
DA:79,0
DA:88,0
DA:94,0
DA:96,0
DA:113,0
DA:115,0
DA:118,0
DA:126,0
DA:127,0
DA:129,0
DA:142,0
DA:145,0
DA:152,0
DA:165,0
DA:170,0
DA:176,0
DA:177,0
DA:180,0
DA:186,0
DA:187,0
DA:188,0
DA:193,0
DA:201,0
DA:209,0
DA:210,0
DA:213,0
DA:222,0
DA:224,0
DA:225,0
DA:233,0
DA:234,0
DA:236,0
DA:245,0
DA:260,0
DA:261,0
DA:262,0
DA:265,0
DA:266,0
DA:268,0
DA:277,0
DA:278,0
DA:279,0
DA:280,0
DA:281,0
DA:285,0
DA:286,0
DA:288,0
DA:289,0
DA:290,0
DA:291,0
DA:295,0
DA:297,0
DA:298,0
DA:300,0
DA:307,0
DA:308,0
DA:311,0
DA:315,0
DA:329,0
DA:331,0
DA:332,0
DA:334,0
DA:338,0
DA:340,0
DA:341,0
DA:345,0
DA:346,0
DA:347,0
DA:350,0
DA:354,0
DA:356,0
DA:357,0
DA:359,0
DA:368,0
DA:370,0
DA:371,0
DA:373,0
DA:374,0
DA:375,0
DA:379,0
DA:381,0
DA:382,0
DA:383,0
DA:384,0
DA:385,0
DA:387,0
DA:391,0
DA:393,0
DA:394,0
DA:398,0
DA:399,0
DA:400,0
DA:403,0
DA:404,0
DA:409,0
DA:411,0
DA:412,0
DA:413,0
DA:416,0
DA:422,0
DA:423,0
DA:424,0
DA:428,0
DA:432,0
DA:433,0
DA:434,0
DA:437,0
DA:441,0
DA:443,0
DA:444,0
DA:445,0
DA:448,0
DA:452,0
DA:457,0
DA:467,0
DA:468,0
DA:469,0
DA:477,0
DA:480,0
DA:483,0
DA:486,0
DA:489,0
DA:495,0
DA:496,0
DA:498,0
DA:510,0
DA:514,0
DA:520,0
DA:521,0
DA:522,0
DA:524,0
DA:525,0
DA:526,0
DA:530,0
DA:531,0
DA:537,0
DA:546,0
DA:550,0
DA:558,0
DA:559,0
DA:563,0
DA:564,0
DA:565,0
DA:566,0
DA:571,0
DA:572,0
DA:575,0
DA:578,0
DA:580,0
DA:584,0
DA:591,0
DA:596,0
DA:597,0
DA:601,0
DA:605,0
DA:609,0
DA:674,0
DA:678,0
DA:681,0
DA:684,0
DA:687,0
DA:689,0
DA:700,0
DA:702,0
DA:703,0
DA:704,0
DA:714,0
DA:719,0
DA:724,0
DA:725,0
DA:728,0
DA:729,0
DA:730,0
DA:731,0
DA:735,0
DA:739,0
DA:740,0
DA:742,0
DA:743,0
DA:746,0
DA:750,0
DA:758,0
DA:759,0
DA:762,0
DA:765,0
DA:767,0
DA:771,0
DA:773,0
DA:774,0
DA:775,0
DA:776,0
DA:777,0
DA:781,0
DA:785,0
DA:786,0
DA:787,0
DA:795,0
DA:797,0
DA:798,0
DA:799,0
DA:801,0
DA:805,0
DA:813,0
DA:817,0
DA:819,0
DA:820,0
DA:821,0
DA:824,0
DA:828,0
DA:829,0
DA:833,0
DA:835,0
DA:836,0
DA:838,0
DA:839,0
DA:840,0
DA:844,0
DA:882,0
DA:889,0
DA:890,0
DA:892,0
DA:901,0
DA:902,0
DA:903,0
DA:905,0
DA:915,0
DA:925,0
DA:934,0
DA:943,0
DA:956,0
DA:957,0
DA:958,0
DA:959,0
DA:960,0
DA:963,0
DA:964,0
DA:965,0
DA:969,0
DA:970,0
DA:971,0
DA:974,0
DA:978,0
DA:985,0
DA:989,0
DA:992,0
DA:993,0
DA:1001,0
DA:1002,0
DA:1009,0
DA:1014,0
DA:1015,0
DA:1016,0
DA:1017,0
DA:1018,0
DA:1022,0
DA:1023,0
DA:1024,0
DA:1028,0
DA:1036,0
DA:1040,0
DA:1048,0
DA:1052,0
DA:1060,0
DA:1064,0
DA:1065,0
DA:1066,0
DA:1067,0
DA:1071,0
DA:1072,0
DA:1073,0
DA:1074,0
DA:1078,0
DA:1088,0
DA:1089,0
DA:1090,0
DA:1092,0
DA:1101,0
DA:1103,0
DA:1104,0
DA:1106,0
DA:1115,0
DA:1117,0
DA:1118,0
DA:1120,0
DA:1129,0
DA:1131,0
DA:1132,0
DA:1134,0
DA:1143,0
DA:1149,0
DA:1154,0
DA:1156,0
DA:1157,0
DA:1158,0
DA:1160,0
DA:1164,0
DA:1166,0
DA:1168,0
DA:1169,0
DA:1170,0
DA:1171,0
DA:1175,0
DA:1176,0
DA:1177,0
DA:1181,0
DA:1183,0
DA:1184,0
DA:1185,0
DA:1187,0
DA:1191,0
DA:1192,0
DA:1196,0
DA:1197,0
DA:1198,0
DA:1201,0
DA:1202,0
DA:1203,0
DA:1205,0
DA:1209,0
DA:1211,0
DA:1212,0
DA:1214,0
DA:1215,0
DA:1217,0
DA:1218,0
DA:1219,0
DA:1223,0
DA:1224,0
DA:1225,0
DA:1228,0
DA:1229,0
DA:1233,0
DA:1235,0
DA:1236,0
DA:1238,0
DA:1242,0
DA:1244,0
DA:1245,0
DA:1246,0
DA:1248,0
DA:1252,0
DA:1253,0
DA:1254,0
DA:1255,0
DA:1259,0
DA:1260,0
DA:1261,0
DA:1263,0
DA:1265,0
DA:1266,0
DA:1267,0
DA:1271,0
DA:1284,0
DA:1288,0
DA:1289,0
DA:1290,0
DA:1293,0
DA:1297,0
DA:1298,0
DA:1299,0
DA:1302,0
DA:1306,0
DA:1307,0
DA:1308,0
DA:1311,0
DA:1312,0
DA:1323,0
DA:1324,0
DA:1325,0
DA:1327,0
DA:1333,0
DA:1344,0
DA:1353,0
DA:1363,0
DA:1372,0
DA:1386,0
DA:1387,0
DA:1388,0
DA:1390,0
DA:1391,0
DA:1392,0
DA:1393,0
DA:1395,0
DA:1401,0
DA:1403,0
DA:1404,0
DA:1405,0
DA:1407,0
DA:1411,0
DA:1419,0
DA:1423,0
DA:1431,0
DA:1435,0
DA:1443,0
DA:1447,0
DA:1455,0
DA:1459,0
DA:1461,0
DA:1462,0
DA:1463,0
DA:1464,0
DA:1468,0
DA:1477,0
DA:1484,0
DA:1485,0
DA:1486,0
DA:1491,0
DA:1492,0
DA:1493,0
DA:1494,0
DA:1495,0
DA:1499,0
DA:1500,0
DA:1501,0
DA:1502,0
DA:1503,0
DA:1507,0
DA:1508,0
DA:1509,0
DA:1510,0
DA:1511,0
DA:1515,0
DA:1516,0
DA:1517,0
DA:1518,0
DA:1522,0
DA:1523,0
DA:1524,0
DA:1525,0
DA:1529,0
DA:1531,0
DA:1532,0
DA:1539,0
DA:1540,0
DA:1547,0
DA:1551,0
DA:1553,0
DA:1554,0
DA:1561,0
DA:1571,0
DA:1575,0
DA:1580,0
DA:1584,0
DA:1613,0
DA:1621,0
DA:1624,0
DA:1632,0
DA:1635,0
DA:1637,0
DA:1638,0
DA:1640,0
DA:1650,0
DA:1654,0
DA:1657,0
DA:1658,0
DA:1659,0
DA:1664,0
DA:1665,0
DA:1666,0
DA:1671,0
DA:1672,0
DA:1673,0
DA:1677,0
DA:1681,0
DA:1683,0
DA:1684,0
DA:1687,0
DA:1688,0
DA:1689,0
DA:1692,0
DA:1696,0
DA:1697,0
DA:1699,0
DA:1700,0
DA:1705,0
DA:1713,0
DA:1714,0
DA:1716,0
DA:1718,0
DA:1719,0
DA:1721,0
DA:1725,0
DA:1727,0
DA:1728,0
DA:1730,0
DA:1731,0
DA:1732,0
DA:1735,0
DA:1745,0
DA:1753,0
DA:1761,0
DA:1764,0
DA:1765,0
DA:1770,0
DA:1771,0
DA:1772,0
DA:1775,0
DA:1784,0
DA:1791,0
DA:1792,0
DA:1797,0
DA:1798,0
DA:1802,0
LF:522
LH:0
BRDA:127,0,0,0
BRDA:127,0,1,0
BRDA:165,1,0,0
BRDA:165,1,1,0
BRDA:176,2,0,0
BRDA:176,2,1,0
BRDA:187,3,0,0
BRDA:187,3,1,0
BRDA:194,4,0,0
BRDA:194,4,1,0
BRDA:195,5,0,0
BRDA:195,5,1,0
BRDA:196,6,0,0
BRDA:196,6,1,0
BRDA:197,7,0,0
BRDA:197,7,1,0
BRDA:198,8,0,0
BRDA:198,8,1,0
BRDA:224,9,0,0
BRDA:224,9,1,0
BRDA:260,10,0,0
BRDA:260,10,1,0
BRDA:277,11,0,0
BRDA:277,11,1,0
BRDA:278,12,0,0
BRDA:278,12,1,0
BRDA:279,13,0,0
BRDA:279,13,1,0
BRDA:280,14,0,0
BRDA:280,14,1,0
BRDA:285,15,0,0
BRDA:285,15,1,0
BRDA:286,16,0,0
BRDA:286,16,1,0
BRDA:289,17,0,0
BRDA:289,17,1,0
BRDA:290,18,0,0
BRDA:290,18,1,0
BRDA:295,19,0,0
BRDA:295,19,1,0
BRDA:298,20,0,0
BRDA:298,20,1,0
BRDA:307,21,0,0
BRDA:307,21,1,0
BRDA:307,22,0,0
BRDA:307,22,1,0
BRDA:329,23,0,0
BRDA:329,23,1,0
BRDA:331,24,0,0
BRDA:331,24,1,0
BRDA:332,25,0,0
BRDA:332,25,1,0
BRDA:338,26,0,0
BRDA:338,26,1,0
BRDA:354,27,0,0
BRDA:354,27,1,0
BRDA:368,28,0,0
BRDA:368,28,1,0
BRDA:373,29,0,0
BRDA:373,29,1,0
BRDA:374,30,0,0
BRDA:374,30,1,0
BRDA:379,31,0,0
BRDA:379,31,1,0
BRDA:391,32,0,0
BRDA:391,32,1,0
BRDA:393,33,0,0
BRDA:393,33,1,0
BRDA:400,34,0,0
BRDA:400,34,1,0
BRDA:404,35,0,0
BRDA:404,35,1,0
BRDA:409,36,0,0
BRDA:409,36,1,0
BRDA:412,37,0,0
BRDA:412,37,1,0
BRDA:413,38,0,0
BRDA:413,38,1,0
BRDA:423,39,0,0
BRDA:423,39,1,0
BRDA:433,40,0,0
BRDA:433,40,1,0
BRDA:445,41,0,0
BRDA:445,41,1,0
BRDA:522,42,0,0
BRDA:522,42,1,0
BRDA:525,43,0,0
BRDA:525,43,1,0
BRDA:530,44,0,0
BRDA:530,44,1,0
BRDA:563,45,0,0
BRDA:563,45,1,0
BRDA:565,46,0,0
BRDA:565,46,1,0
BRDA:571,47,0,0
BRDA:571,47,1,0
BRDA:575,48,0,0
BRDA:575,48,1,0
BRDA:578,49,0,0
BRDA:578,49,1,0
BRDA:585,50,0,0
BRDA:585,50,1,0
BRDA:586,51,0,0
BRDA:586,51,1,0
BRDA:588,52,0,0
BRDA:588,52,1,0
BRDA:596,53,0,0
BRDA:596,53,1,0
BRDA:596,54,0,0
BRDA:596,54,1,0
BRDA:703,55,0,0
BRDA:703,55,1,0
BRDA:719,56,0,0
BRDA:719,56,1,0
BRDA:730,57,0,0
BRDA:730,57,1,0
BRDA:730,58,0,0
BRDA:730,58,1,0
BRDA:776,59,0,0
BRDA:776,59,1,0
BRDA:795,60,0,0
BRDA:795,60,1,0
BRDA:813,61,0,0
BRDA:813,61,1,0
BRDA:817,62,0,0
BRDA:817,62,1,0
BRDA:820,63,0,0
BRDA:820,63,1,0
BRDA:833,64,0,0
BRDA:833,64,1,0
BRDA:838,65,0,0
BRDA:838,65,1,0
BRDA:839,66,0,0
BRDA:839,66,1,0
BRDA:909,67,0,0
BRDA:909,67,1,0
BRDA:909,67,2,0
BRDA:909,67,3,0
BRDA:926,68,0,0
BRDA:926,68,1,0
BRDA:935,69,0,0
BRDA:935,69,1,0
BRDA:956,70,0,0
BRDA:956,70,1,0
BRDA:963,71,0,0
BRDA:963,71,1,0
BRDA:979,72,0,0
BRDA:979,72,1,0
BRDA:980,73,0,0
BRDA:980,73,1,0
BRDA:981,74,0,0
BRDA:981,74,1,0
BRDA:992,75,0,0
BRDA:992,75,1,0
BRDA:992,76,0,0
BRDA:992,76,1,0
BRDA:1001,77,0,0
BRDA:1001,77,1,0
BRDA:1001,78,0,0
BRDA:1001,78,1,0
BRDA:1014,79,0,0
BRDA:1014,79,1,0
BRDA:1014,80,0,0
BRDA:1014,80,1,0
BRDA:1015,81,0,0
BRDA:1015,81,1,0
BRDA:1015,82,0,0
BRDA:1015,82,1,0
BRDA:1016,83,0,0
BRDA:1016,83,1,0
BRDA:1016,84,0,0
BRDA:1016,84,1,0
BRDA:1017,85,0,0
BRDA:1017,85,1,0
BRDA:1017,86,0,0
BRDA:1017,86,1,0
BRDA:1022,87,0,0
BRDA:1022,87,1,0
BRDA:1022,88,0,0
BRDA:1022,88,1,0
BRDA:1023,89,0,0
BRDA:1023,89,1,0
BRDA:1023,90,0,0
BRDA:1023,90,1,0
BRDA:1036,91,0,0
BRDA:1036,91,1,0
BRDA:1048,92,0,0
BRDA:1048,92,1,0
BRDA:1060,93,0,0
BRDA:1060,93,1,0
BRDA:1065,94,0,0
BRDA:1065,94,1,0
BRDA:1065,95,0,0
BRDA:1065,95,1,0
BRDA:1066,96,0,0
BRDA:1066,96,1,0
BRDA:1066,97,0,0
BRDA:1066,97,1,0
BRDA:1071,98,0,0
BRDA:1071,98,1,0
BRDA:1072,99,0,0
BRDA:1072,99,1,0
BRDA:1073,100,0,0
BRDA:1073,100,1,0
BRDA:1078,101,0,0
BRDA:1078,101,1,0
BRDA:1101,102,0,0
BRDA:1101,102,1,0
BRDA:1115,103,0,0
BRDA:1115,103,1,0
BRDA:1118,104,0,0
BRDA:1118,104,1,0
BRDA:1129,105,0,0
BRDA:1129,105,1,0
BRDA:1144,106,0,0
BRDA:1144,106,1,0
BRDA:1145,107,0,0
BRDA:1145,107,1,0
BRDA:1146,108,0,0
BRDA:1146,108,1,0
BRDA:1154,109,0,0
BRDA:1154,109,1,0
BRDA:1164,110,0,0
BRDA:1164,110,1,0
BRDA:1168,111,0,0
BRDA:1168,111,1,0
BRDA:1169,112,0,0
BRDA:1169,112,1,0
BRDA:1170,113,0,0
BRDA:1170,113,1,0
BRDA:1175,114,0,0
BRDA:1175,114,1,0
BRDA:1181,115,0,0
BRDA:1181,115,1,0
BRDA:1191,116,0,0
BRDA:1191,116,1,0
BRDA:1197,117,0,0
BRDA:1197,117,1,0
BRDA:1198,118,0,0
BRDA:1198,118,1,0
BRDA:1202,119,0,0
BRDA:1202,119,1,0
BRDA:1203,120,0,0
BRDA:1203,120,1,0
BRDA:1209,121,0,0
BRDA:1209,121,1,0
BRDA:1217,122,0,0
BRDA:1217,122,1,0
BRDA:1218,123,0,0
BRDA:1218,123,1,0
BRDA:1225,124,0,0
BRDA:1225,124,1,0
BRDA:1233,125,0,0
BRDA:1233,125,1,0
BRDA:1242,126,0,0
BRDA:1242,126,1,0
BRDA:1252,127,0,0
BRDA:1252,127,1,0
BRDA:1253,128,0,0
BRDA:1253,128,1,0
BRDA:1254,129,0,0
BRDA:1254,129,1,0
BRDA:1265,130,0,0
BRDA:1265,130,1,0
BRDA:1266,131,0,0
BRDA:1266,131,1,0
BRDA:1284,132,0,0
BRDA:1284,132,1,0
BRDA:1289,133,0,0
BRDA:1289,133,1,0
BRDA:1298,134,0,0
BRDA:1298,134,1,0
BRDA:1308,135,0,0
BRDA:1308,135,1,0
BRDA:1312,136,0,0
BRDA:1312,136,1,0
BRDA:1345,137,0,0
BRDA:1345,137,1,0
BRDA:1346,138,0,0
BRDA:1346,138,1,0
BRDA:1347,139,0,0
BRDA:1347,139,1,0
BRDA:1391,140,0,0
BRDA:1391,140,1,0
BRDA:1392,141,0,0
BRDA:1392,141,1,0
BRDA:1393,142,0,0
BRDA:1393,142,1,0
BRDA:1401,143,0,0
BRDA:1401,143,1,0
BRDA:1403,144,0,0
BRDA:1403,144,1,0
BRDA:1404,145,0,0
BRDA:1404,145,1,0
BRDA:1405,146,0,0
BRDA:1405,146,1,0
BRDA:1419,147,0,0
BRDA:1419,147,1,0
BRDA:1431,148,0,0
BRDA:1431,148,1,0
BRDA:1443,149,0,0
BRDA:1443,149,1,0
BRDA:1455,150,0,0
BRDA:1455,150,1,0
BRDA:1459,151,0,0
BRDA:1459,151,1,0
BRDA:1461,152,0,0
BRDA:1461,152,1,0
BRDA:1462,153,0,0
BRDA:1462,153,1,0
BRDA:1463,154,0,0
BRDA:1463,154,1,0
BRDA:1471,155,0,0
BRDA:1471,155,1,0
BRDA:1492,156,0,0
BRDA:1492,156,1,0
BRDA:1493,157,0,0
BRDA:1493,157,1,0
BRDA:1494,158,0,0
BRDA:1494,158,1,0
BRDA:1500,159,0,0
BRDA:1500,159,1,0
BRDA:1501,160,0,0
BRDA:1501,160,1,0
BRDA:1502,161,0,0
BRDA:1502,161,1,0
BRDA:1508,162,0,0
BRDA:1508,162,1,0
BRDA:1509,163,0,0
BRDA:1509,163,1,0
BRDA:1510,164,0,0
BRDA:1510,164,1,0
BRDA:1516,165,0,0
BRDA:1516,165,1,0
BRDA:1517,166,0,0
BRDA:1517,166,1,0
BRDA:1523,167,0,0
BRDA:1523,167,1,0
BRDA:1524,168,0,0
BRDA:1524,168,1,0
BRDA:1531,169,0,0
BRDA:1531,169,1,0
BRDA:1539,170,0,0
BRDA:1539,170,1,0
BRDA:1553,171,0,0
BRDA:1553,171,1,0
BRDA:1553,172,0,0
BRDA:1553,172,1,0
BRDA:1657,173,0,0
BRDA:1657,173,1,0
BRDA:1659,174,0,0
BRDA:1659,174,1,0
BRDA:1664,175,0,0
BRDA:1664,175,1,0
BRDA:1666,176,0,0
BRDA:1666,176,1,0
BRDA:1671,177,0,0
BRDA:1671,177,1,0
BRDA:1673,178,0,0
BRDA:1673,178,1,0
BRDA:1683,179,0,0
BRDA:1683,179,1,0
BRDA:1713,180,0,0
BRDA:1713,180,1,0
BRDA:1716,181,0,0
BRDA:1716,181,1,0
BRDA:1719,182,0,0
BRDA:1719,182,1,0
BRDA:1727,183,0,0
BRDA:1727,183,1,0
BRDA:1730,184,0,0
BRDA:1730,184,1,0
BRDA:1764,185,0,0
BRDA:1764,185,1,0
BRDA:1776,186,0,0
BRDA:1776,186,1,0
BRDA:1791,187,0,0
BRDA:1791,187,1,0
BRF:378
BRH:0
end_of_record
TN:
SF:src/spatial-temporal-awareness.js
FN:13,(anonymous_0)
FN:41,(anonymous_1)
FN:137,(anonymous_2)
FN:151,(anonymous_3)
FN:184,(anonymous_4)
FN:197,(anonymous_5)
FN:206,(anonymous_6)
FN:215,(anonymous_7)
FN:224,(anonymous_8)
FN:231,(anonymous_9)
FN:235,(anonymous_10)
FN:245,(anonymous_11)
FN:253,(anonymous_12)
FN:282,(anonymous_13)
FN:291,(anonymous_14)
FN:300,(anonymous_15)
FN:312,(anonymous_16)
FN:327,(anonymous_17)
FN:339,(anonymous_18)
FN:352,(anonymous_19)
FN:382,(anonymous_20)
FN:392,(anonymous_21)
FN:418,(anonymous_22)
FN:436,(anonymous_23)
FN:442,(anonymous_24)
FN:475,(anonymous_25)
FN:490,(anonymous_26)
FN:511,(anonymous_27)
FN:512,(anonymous_28)
FN:518,(anonymous_29)
FN:537,(anonymous_30)
FN:538,(anonymous_31)
FN:543,(anonymous_32)
FN:560,(anonymous_33)
FN:563,(anonymous_34)
FN:564,(anonymous_35)
FN:567,(anonymous_36)
FN:571,(anonymous_37)
FN:572,(anonymous_38)
FN:582,(anonymous_39)
FN:584,(anonymous_40)
FN:590,(anonymous_41)
FN:594,(anonymous_42)
FN:599,(anonymous_43)
FN:602,(anonymous_44)
FN:603,(anonymous_45)
FN:614,(anonymous_46)
FN:625,(anonymous_47)
FN:659,(anonymous_48)
FN:669,(anonymous_49)
FN:678,(anonymous_50)
FN:701,(anonymous_51)
FN:725,(anonymous_52)
FN:747,(anonymous_53)
FN:783,(anonymous_54)
FN:802,(anonymous_55)
FN:843,(anonymous_56)
FN:860,(anonymous_57)
FN:881,(anonymous_58)
FN:902,(anonymous_59)
FN:906,(anonymous_60)
FN:912,(anonymous_61)
FN:917,(anonymous_62)
FN:934,(anonymous_63)
FN:950,(anonymous_64)
FN:969,(anonymous_65)
FN:976,(anonymous_66)
FN:992,(anonymous_67)
FN:1007,(anonymous_68)
FN:1030,(anonymous_69)
FN:1034,(anonymous_70)
FN:1036,(anonymous_71)
FN:1039,(anonymous_72)
FN:1042,(anonymous_73)
FN:1043,(anonymous_74)
FN:1045,(anonymous_75)
FN:1046,(anonymous_76)
FN:1053,(anonymous_77)
FN:1054,(anonymous_78)
FN:1060,(anonymous_79)
FN:1063,(anonymous_80)
FN:1067,(anonymous_81)
FN:1068,(anonymous_82)
FN:1079,(anonymous_83)
FN:1090,(anonymous_84)
FN:1125,(anonymous_85)
FN:1135,(anonymous_86)
FN:1146,(anonymous_87)
FN:1147,(anonymous_88)
FN:1148,(anonymous_89)
FN:1151,(anonymous_90)
FN:1156,(anonymous_91)
FN:1158,(anonymous_92)
FN:1162,(anonymous_93)
FN:1172,(anonymous_94)
FN:1183,(anonymous_95)
FN:1193,(anonymous_96)
FN:1200,(anonymous_97)
FN:1220,(anonymous_98)
FN:1231,(anonymous_99)
FN:1260,(anonymous_100)
FN:1272,(anonymous_101)
FN:1273,(anonymous_102)
FN:1279,(anonymous_103)
FN:1290,(anonymous_104)
FN:1294,(anonymous_105)
FN:1314,(anonymous_106)
FN:1318,(anonymous_107)
FN:1338,(anonymous_108)
FN:1372,(anonymous_109)
FN:1377,(anonymous_110)
FN:1381,(anonymous_111)
FN:1390,(anonymous_112)
FN:1417,(anonymous_113)
FN:1421,(anonymous_114)
FN:1470,(anonymous_115)
FN:1473,(anonymous_116)
FN:1476,(anonymous_117)
FN:1477,(anonymous_118)
FN:1479,(anonymous_119)
FN:1485,(anonymous_120)
FN:1488,(anonymous_121)
FN:1489,(anonymous_122)
FN:1491,(anonymous_123)
FN:1492,(anonymous_124)
FN:1505,(anonymous_125)
FN:1515,(anonymous_126)
FN:1539,(anonymous_127)
FN:1543,(anonymous_128)
FN:1558,(anonymous_129)
FN:1568,(anonymous_130)
FN:1597,(anonymous_131)
FN:1606,(anonymous_132)
FN:1610,(anonymous_133)
FN:1620,(anonymous_134)
FN:1623,(anonymous_135)
FN:1629,(anonymous_136)
FN:1647,(anonymous_137)
FN:1661,(anonymous_138)
FN:1678,(anonymous_139)
FN:1693,(anonymous_140)
FN:1717,(anonymous_141)
FN:1720,(anonymous_142)
FN:1732,(anonymous_143)
FN:1742,(anonymous_144)
FN:1768,(anonymous_145)
FN:1777,(anonymous_146)
FN:1786,(anonymous_147)
FN:1798,(anonymous_148)
FN:1799,(anonymous_149)
FN:1804,(anonymous_150)
FN:1820,(anonymous_151)
FN:1839,(anonymous_152)
FN:1855,(anonymous_153)
FN:1871,(anonymous_154)
FN:1884,(anonymous_155)
FN:1914,(anonymous_156)
FN:1919,(anonymous_157)
FN:1942,(anonymous_158)
FN:1945,(anonymous_159)
FN:1961,(anonymous_160)
FN:1966,(anonymous_161)
FN:1978,(anonymous_162)
FN:1980,(anonymous_163)
FN:1985,(anonymous_164)
FN:1990,(anonymous_165)
FN:2002,(anonymous_166)
FN:2008,(anonymous_167)
FN:2012,(anonymous_168)
FN:2027,(anonymous_169)
FN:2036,(anonymous_170)
FN:2037,(anonymous_171)
FN:2042,(anonymous_172)
FN:2050,(anonymous_173)
FN:2054,(anonymous_174)
FN:2060,(anonymous_175)
FN:2069,(anonymous_176)
FN:2094,(anonymous_177)
FN:2103,(anonymous_178)
FN:2109,(anonymous_179)
FN:2110,(anonymous_180)
FNF:181
FNH:0
FNDA:0,(anonymous_0)
FNDA:0,(anonymous_1)
FNDA:0,(anonymous_2)
FNDA:0,(anonymous_3)
FNDA:0,(anonymous_4)
FNDA:0,(anonymous_5)
FNDA:0,(anonymous_6)
FNDA:0,(anonymous_7)
FNDA:0,(anonymous_8)
FNDA:0,(anonymous_9)
FNDA:0,(anonymous_10)
FNDA:0,(anonymous_11)
FNDA:0,(anonymous_12)
FNDA:0,(anonymous_13)
FNDA:0,(anonymous_14)
FNDA:0,(anonymous_15)
FNDA:0,(anonymous_16)
FNDA:0,(anonymous_17)
FNDA:0,(anonymous_18)
FNDA:0,(anonymous_19)
FNDA:0,(anonymous_20)
FNDA:0,(anonymous_21)
FNDA:0,(anonymous_22)
FNDA:0,(anonymous_23)
FNDA:0,(anonymous_24)
FNDA:0,(anonymous_25)
FNDA:0,(anonymous_26)
FNDA:0,(anonymous_27)
FNDA:0,(anonymous_28)
FNDA:0,(anonymous_29)
FNDA:0,(anonymous_30)
FNDA:0,(anonymous_31)
FNDA:0,(anonymous_32)
FNDA:0,(anonymous_33)
FNDA:0,(anonymous_34)
FNDA:0,(anonymous_35)
FNDA:0,(anonymous_36)
FNDA:0,(anonymous_37)
FNDA:0,(anonymous_38)
FNDA:0,(anonymous_39)
FNDA:0,(anonymous_40)
FNDA:0,(anonymous_41)
FNDA:0,(anonymous_42)
FNDA:0,(anonymous_43)
FNDA:0,(anonymous_44)
FNDA:0,(anonymous_45)
FNDA:0,(anonymous_46)
FNDA:0,(anonymous_47)
FNDA:0,(anonymous_48)
FNDA:0,(anonymous_49)
FNDA:0,(anonymous_50)
FNDA:0,(anonymous_51)
FNDA:0,(anonymous_52)
FNDA:0,(anonymous_53)
FNDA:0,(anonymous_54)
FNDA:0,(anonymous_55)
FNDA:0,(anonymous_56)
FNDA:0,(anonymous_57)
FNDA:0,(anonymous_58)
FNDA:0,(anonymous_59)
FNDA:0,(anonymous_60)
FNDA:0,(anonymous_61)
FNDA:0,(anonymous_62)
FNDA:0,(anonymous_63)
FNDA:0,(anonymous_64)
FNDA:0,(anonymous_65)
FNDA:0,(anonymous_66)
FNDA:0,(anonymous_67)
FNDA:0,(anonymous_68)
FNDA:0,(anonymous_69)
FNDA:0,(anonymous_70)
FNDA:0,(anonymous_71)
FNDA:0,(anonymous_72)
FNDA:0,(anonymous_73)
FNDA:0,(anonymous_74)
FNDA:0,(anonymous_75)
FNDA:0,(anonymous_76)
FNDA:0,(anonymous_77)
FNDA:0,(anonymous_78)
FNDA:0,(anonymous_79)
FNDA:0,(anonymous_80)
FNDA:0,(anonymous_81)
FNDA:0,(anonymous_82)
FNDA:0,(anonymous_83)
FNDA:0,(anonymous_84)
FNDA:0,(anonymous_85)
FNDA:0,(anonymous_86)
FNDA:0,(anonymous_87)
FNDA:0,(anonymous_88)
FNDA:0,(anonymous_89)
FNDA:0,(anonymous_90)
FNDA:0,(anonymous_91)
FNDA:0,(anonymous_92)
FNDA:0,(anonymous_93)
FNDA:0,(anonymous_94)
FNDA:0,(anonymous_95)
FNDA:0,(anonymous_96)
FNDA:0,(anonymous_97)
FNDA:0,(anonymous_98)
FNDA:0,(anonymous_99)
FNDA:0,(anonymous_100)
FNDA:0,(anonymous_101)
FNDA:0,(anonymous_102)
FNDA:0,(anonymous_103)
FNDA:0,(anonymous_104)
FNDA:0,(anonymous_105)
FNDA:0,(anonymous_106)
FNDA:0,(anonymous_107)
FNDA:0,(anonymous_108)
FNDA:0,(anonymous_109)
FNDA:0,(anonymous_110)
FNDA:0,(anonymous_111)
FNDA:0,(anonymous_112)
FNDA:0,(anonymous_113)
FNDA:0,(anonymous_114)
FNDA:0,(anonymous_115)
FNDA:0,(anonymous_116)
FNDA:0,(anonymous_117)
FNDA:0,(anonymous_118)
FNDA:0,(anonymous_119)
FNDA:0,(anonymous_120)
FNDA:0,(anonymous_121)
FNDA:0,(anonymous_122)
FNDA:0,(anonymous_123)
FNDA:0,(anonymous_124)
FNDA:0,(anonymous_125)
FNDA:0,(anonymous_126)
FNDA:0,(anonymous_127)
FNDA:0,(anonymous_128)
FNDA:0,(anonymous_129)
FNDA:0,(anonymous_130)
FNDA:0,(anonymous_131)
FNDA:0,(anonymous_132)
FNDA:0,(anonymous_133)
FNDA:0,(anonymous_134)
FNDA:0,(anonymous_135)
FNDA:0,(anonymous_136)
FNDA:0,(anonymous_137)
FNDA:0,(anonymous_138)
FNDA:0,(anonymous_139)
FNDA:0,(anonymous_140)
FNDA:0,(anonymous_141)
FNDA:0,(anonymous_142)
FNDA:0,(anonymous_143)
FNDA:0,(anonymous_144)
FNDA:0,(anonymous_145)
FNDA:0,(anonymous_146)
FNDA:0,(anonymous_147)
FNDA:0,(anonymous_148)
FNDA:0,(anonymous_149)
FNDA:0,(anonymous_150)
FNDA:0,(anonymous_151)
FNDA:0,(anonymous_152)
FNDA:0,(anonymous_153)
FNDA:0,(anonymous_154)
FNDA:0,(anonymous_155)
FNDA:0,(anonymous_156)
FNDA:0,(anonymous_157)
FNDA:0,(anonymous_158)
FNDA:0,(anonymous_159)
FNDA:0,(anonymous_160)
FNDA:0,(anonymous_161)
FNDA:0,(anonymous_162)
FNDA:0,(anonymous_163)
FNDA:0,(anonymous_164)
FNDA:0,(anonymous_165)
FNDA:0,(anonymous_166)
FNDA:0,(anonymous_167)
FNDA:0,(anonymous_168)
FNDA:0,(anonymous_169)
FNDA:0,(anonymous_170)
FNDA:0,(anonymous_171)
FNDA:0,(anonymous_172)
FNDA:0,(anonymous_173)
FNDA:0,(anonymous_174)
FNDA:0,(anonymous_175)
FNDA:0,(anonymous_176)
FNDA:0,(anonymous_177)
FNDA:0,(anonymous_178)
FNDA:0,(anonymous_179)
FNDA:0,(anonymous_180)
DA:14,0
DA:17,0
DA:18,0
DA:19,0
DA:20,0
DA:23,0
DA:24,0
DA:25,0
DA:28,0
DA:29,0
DA:30,0
DA:33,0
DA:35,0
DA:42,0
DA:43,0
DA:45,0
DA:47,0
DA:53,0
DA:60,0
DA:67,0
DA:74,0
DA:81,0
DA:88,0
DA:98,0
DA:100,0
DA:125,0
DA:127,0
DA:130,0
DA:138,0
DA:152,0
DA:154,0
DA:156,0
DA:159,0
DA:162,0
DA:165,0
DA:167,0
DA:177,0
DA:185,0
DA:198,0
DA:207,0
DA:216,0
DA:225,0
DA:226,0
DA:228,0
DA:232,0
DA:236,0
DA:246,0
DA:247,0
DA:248,0
DA:249,0
DA:250,0
DA:254,0
DA:266,0
DA:269,0
DA:272,0
DA:275,0
DA:276,0
DA:279,0
DA:283,0
DA:292,0
DA:302,0
DA:303,0
DA:305,0
DA:313,0
DA:316,0
DA:317,0
DA:326,0
DA:327,0
DA:328,0
DA:338,0
DA:339,0
DA:340,0
DA:349,0
DA:353,0
DA:361,0
DA:363,0
DA:365,0
DA:366,0
DA:368,0
DA:369,0
DA:370,0
DA:372,0
DA:373,0
DA:374,0
DA:376,0
DA:377,0
DA:381,0
DA:382,0
DA:386,0
DA:389,0
DA:393,0
DA:396,0
DA:397,0
DA:406,0
DA:407,0
DA:415,0
DA:419,0
DA:422,0
DA:423,0
DA:426,0
DA:427,0
DA:430,0
DA:431,0
DA:433,0
DA:437,0
DA:438,0
DA:439,0
DA:443,0
DA:446,0
DA:447,0
DA:455,0
DA:456,0
DA:464,0
DA:465,0
DA:472,0
DA:476,0
DA:479,0
DA:480,0
DA:482,0
DA:483,0
DA:484,0
DA:487,0
DA:491,0
DA:494,0
DA:496,0
DA:497,0
DA:498,0
DA:500,0
DA:501,0
DA:502,0
DA:503,0
DA:504,0
DA:508,0
DA:511,0
DA:512,0
DA:513,0
DA:515,0
DA:519,0
DA:522,0
DA:524,0
DA:525,0
DA:526,0
DA:528,0
DA:529,0
DA:530,0
DA:531,0
DA:535,0
DA:537,0
DA:538,0
DA:540,0
DA:545,0
DA:548,0
DA:549,0
DA:553,0
DA:554,0
DA:557,0
DA:561,0
DA:563,0
DA:564,0
DA:568,0
DA:572,0
DA:574,0
DA:583,0
DA:584,0
DA:585,0
DA:587,0
DA:591,0
DA:593,0
DA:594,0
DA:596,0
DA:600,0
DA:602,0
DA:603,0
DA:605,0
DA:615,0
DA:616,0
DA:621,0
DA:622,0
DA:626,0
DA:636,0
DA:637,0
DA:638,0
DA:641,0
DA:649,0
DA:650,0
DA:654,0
DA:656,0
DA:660,0
DA:670,0
DA:679,0
DA:682,0
DA:683,0
DA:684,0
DA:687,0
DA:688,0
DA:689,0
DA:690,0
DA:695,0
DA:696,0
DA:698,0
DA:702,0
DA:705,0
DA:706,0
DA:707,0
DA:711,0
DA:712,0
DA:713,0
DA:717,0
DA:718,0
DA:719,0
DA:722,0
DA:726,0
DA:729,0
DA:730,0
DA:733,0
DA:734,0
DA:735,0
DA:740,0
DA:741,0
DA:744,0
DA:748,0
DA:751,0
DA:752,0
DA:761,0
DA:762,0
DA:771,0
DA:772,0
DA:780,0
DA:784,0
DA:787,0
DA:788,0
DA:793,0
DA:794,0
DA:796,0
DA:799,0
DA:803,0
DA:804,0
DA:807,0
DA:808,0
DA:809,0
DA:816,0
DA:817,0
DA:818,0
DA:821,0
DA:822,0
DA:823,0
DA:826,0
DA:827,0
DA:828,0
DA:835,0
DA:836,0
DA:837,0
DA:839,0
DA:840,0
DA:845,0
DA:846,0
DA:848,0
DA:849,0
DA:850,0
DA:851,0
DA:853,0
DA:854,0
DA:857,0
DA:861,0
DA:862,0
DA:864,0
DA:865,0
DA:867,0
DA:868,0
DA:878,0
DA:882,0
DA:883,0
DA:885,0
DA:886,0
DA:888,0
DA:889,0
DA:899,0
DA:903,0
DA:905,0
DA:906,0
DA:909,0
DA:912,0
DA:913,0
DA:914,0
DA:916,0
DA:917,0
DA:919,0
DA:922,0
DA:923,0
DA:931,0
DA:935,0
DA:938,0
DA:939,0
DA:940,0
DA:943,0
DA:944,0
DA:947,0
DA:952,0
DA:958,0
DA:960,0
DA:961,0
DA:962,0
DA:963,0
DA:965,0
DA:970,0
DA:973,0
DA:977,0
DA:979,0
DA:980,0
DA:982,0
DA:983,0
DA:984,0
DA:988,0
DA:989,0
DA:993,0
DA:994,0
DA:996,0
DA:997,0
DA:998,0
DA:1001,0
DA:1004,0
DA:1008,0
DA:1011,0
DA:1026,0
DA:1027,0
DA:1031,0
DA:1033,0
DA:1034,0
DA:1036,0
DA:1040,0
DA:1042,0
DA:1043,0
DA:1045,0
DA:1046,0
DA:1048,0
DA:1049,0
DA:1050,0
DA:1054,0
DA:1055,0
DA:1058,0
DA:1060,0
DA:1064,0
DA:1066,0
DA:1067,0
DA:1068,0
DA:1070,0
DA:1080,0
DA:1081,0
DA:1086,0
DA:1087,0
DA:1091,0
DA:1101,0
DA:1104,0
DA:1105,0
DA:1106,0
DA:1109,0
DA:1118,0
DA:1119,0
DA:1122,0
DA:1126,0
DA:1136,0
DA:1137,0
DA:1145,0
DA:1146,0
DA:1147,0
DA:1148,0
DA:1150,0
DA:1151,0
DA:1156,0
DA:1158,0
DA:1163,0
DA:1166,0
DA:1167,0
DA:1171,0
DA:1172,0
DA:1173,0
DA:1177,0
DA:1178,0
DA:1180,0
DA:1184,0
DA:1187,0
DA:1188,0
DA:1192,0
DA:1193,0
DA:1194,0
DA:1197,0
DA:1201,0
DA:1204,0
DA:1205,0
DA:1206,0
DA:1210,0
DA:1211,0
DA:1213,0
DA:1214,0
DA:1217,0
DA:1221,0
DA:1228,0
DA:1232,0
DA:1240,0
DA:1241,0
DA:1248,0
DA:1249,0
DA:1257,0
DA:1259,0
DA:1260,0
DA:1262,0
DA:1271,0
DA:1272,0
DA:1273,0
DA:1276,0
DA:1280,0
DA:1283,0
DA:1284,0
DA:1285,0
DA:1287,0
DA:1291,0
DA:1293,0
DA:1294,0
DA:1295,0
DA:1296,0
DA:1301,0
DA:1302,0
DA:1311,0
DA:1315,0
DA:1317,0
DA:1318,0
DA:1319,0
DA:1320,0
DA:1325,0
DA:1326,0
DA:1335,0
DA:1339,0
DA:1347,0
DA:1348,0
DA:1349,0
DA:1351,0
DA:1352,0
DA:1353,0
DA:1354,0
DA:1355,0
DA:1356,0
DA:1357,0
DA:1358,0
DA:1362,0
DA:1363,0
DA:1365,0
DA:1366,0
DA:1369,0
DA:1373,0
DA:1376,0
DA:1377,0
DA:1378,0
DA:1379,0
DA:1381,0
DA:1389,0
DA:1390,0
DA:1391,0
DA:1392,0
DA:1402,0
DA:1403,0
DA:1405,0
DA:1406,0
DA:1414,0
DA:1418,0
DA:1421,0
DA:1422,0
DA:1423,0
DA:1426,0
DA:1427,0
DA:1428,0
DA:1432,0
DA:1433,0
DA:1434,0
DA:1435,0
DA:1439,0
DA:1440,0
DA:1442,0
DA:1443,0
DA:1444,0
DA:1448,0
DA:1449,0
DA:1450,0
DA:1452,0
DA:1453,0
DA:1454,0
DA:1459,0
DA:1461,0
DA:1462,0
DA:1470,0
DA:1474,0
DA:1476,0
DA:1477,0
DA:1479,0
DA:1480,0
DA:1482,0
DA:1486,0
DA:1488,0
DA:1489,0
DA:1491,0
DA:1492,0
DA:1494,0
DA:1495,0
DA:1496,0
DA:1506,0
DA:1516,0
DA:1519,0
DA:1520,0
DA:1521,0
DA:1524,0
DA:1530,0
DA:1532,0
DA:1540,0
DA:1544,0
DA:1559,0
DA:1565,0
DA:1569,0
DA:1577,0
DA:1578,0
DA:1579,0
DA:1582,0
DA:1590,0
DA:1591,0
DA:1594,0
DA:1598,0
DA:1603,0
DA:1607,0
DA:1611,0
DA:1612,0
DA:1619,0
DA:1620,0
DA:1622,0
DA:1623,0
DA:1631,0
DA:1639,0
DA:1640,0
DA:1641,0
DA:1644,0
DA:1648,0
DA:1651,0
DA:1654,0
DA:1655,0
DA:1658,0
DA:1663,0
DA:1666,0
DA:1667,0
DA:1671,0
DA:1672,0
DA:1675,0
DA:1679,0
DA:1682,0
DA:1683,0
DA:1690,0
DA:1694,0
DA:1696,0
DA:1698,0
DA:1699,0
DA:1700,0
DA:1703,0
DA:1704,0
DA:1708,0
DA:1709,0
DA:1710,0
DA:1714,0
DA:1718,0
DA:1720,0
DA:1721,0
DA:1723,0
DA:1733,0
DA:1739,0
DA:1743,0
DA:1752,0
DA:1753,0
DA:1754,0
DA:1755,0
DA:1758,0
DA:1761,0
DA:1762,0
DA:1765,0
DA:1770,0
DA:1778,0
DA:1787,0
DA:1788,0
DA:1795,0
DA:1797,0
DA:1798,0
DA:1799,0
DA:1805,0
DA:1808,0
DA:1809,0
DA:1813,0
DA:1814,0
DA:1817,0
DA:1821,0
DA:1824,0
DA:1825,0
DA:1826,0
DA:1827,0
DA:1831,0
DA:1832,0
DA:1833,0
DA:1836,0
DA:1840,0
DA:1843,0
DA:1844,0
DA:1848,0
DA:1849,0
DA:1852,0
DA:1856,0
DA:1859,0
DA:1860,0
DA:1868,0
DA:1869,0
DA:1871,0
DA:1872,0
DA:1873,0
DA:1874,0
DA:1877,0
DA:1881,0
DA:1885,0
DA:1887,0
DA:1889,0
DA:1890,0
DA:1891,0
DA:1894,0
DA:1895,0
DA:1896,0
DA:1900,0
DA:1901,0
DA:1902,0
DA:1906,0
DA:1915,0
DA:1916,0
DA:1920,0
DA:1922,0
DA:1923,0
DA:1930,0
DA:1931,0
DA:1937,0
DA:1938,0
DA:1942,0
DA:1946,0
DA:1947,0
DA:1950,0
DA:1951,0
DA:1952,0
DA:1953,0
DA:1956,0
DA:1962,0
DA:1963,0
DA:1967,0
DA:1973,0
DA:1974,0
DA:1979,0
DA:1980,0
DA:1986,0
DA:1987,0
DA:1991,0
DA:1997,0
DA:1998,0
DA:2003,0
DA:2009,0
DA:2013,0
DA:2015,0
DA:2024,0
DA:2027,0
DA:2028,0
DA:2029,0
DA:2033,0
DA:2037,0
DA:2043,0
DA:2051,0
DA:2055,0
DA:2061,0
DA:2070,0
DA:2073,0
DA:2077,0
DA:2082,0
DA:2089,0
DA:2090,0
DA:2095,0
DA:2104,0
DA:2106,0
DA:2107,0
DA:2109,0
DA:2110,0
DA:2112,0
DA:2113,0
DA:2114,0
DA:2118,0
LF:689
LH:0
BRDA:151,0,0,0
BRDA:226,1,0,0
BRDA:226,1,1,0
BRDA:245,2,0,0
BRDA:275,3,0,0
BRDA:275,3,1,0
BRDA:316,4,0,0
BRDA:316,4,1,0
BRDA:326,5,0,0
BRDA:326,5,1,0
BRDA:338,6,0,0
BRDA:338,6,1,0
BRDA:363,7,0,0
BRDA:363,7,1,0
BRDA:372,8,0,0
BRDA:372,8,1,0
BRDA:372,9,0,0
BRDA:372,9,1,0
BRDA:381,10,0,0
BRDA:381,10,1,0
BRDA:396,11,0,0
BRDA:396,11,1,0
BRDA:406,12,0,0
BRDA:406,12,1,0
BRDA:422,13,0,0
BRDA:422,13,1,0
BRDA:423,14,0,0
BRDA:423,14,1,0
BRDA:426,15,0,0
BRDA:426,15,1,0
BRDA:427,16,0,0
BRDA:427,16,1,0
BRDA:430,17,0,0
BRDA:430,17,1,0
BRDA:431,18,0,0
BRDA:431,18,1,0
BRDA:446,19,0,0
BRDA:446,19,1,0
BRDA:455,20,0,0
BRDA:455,20,1,0
BRDA:464,21,0,0
BRDA:464,21,1,0
BRDA:476,22,0,0
BRDA:476,22,1,0
BRDA:482,23,0,0
BRDA:482,23,1,0
BRDA:482,24,0,0
BRDA:482,24,1,0
BRDA:491,25,0,0
BRDA:491,25,1,0
BRDA:500,26,0,0
BRDA:500,26,1,0
BRDA:500,27,0,0
BRDA:500,27,1,0
BRDA:508,28,0,0
BRDA:508,28,1,0
BRDA:519,29,0,0
BRDA:519,29,1,0
BRDA:528,30,0,0
BRDA:528,30,1,0
BRDA:528,31,0,0
BRDA:528,31,1,0
BRDA:535,32,0,0
BRDA:535,32,1,0
BRDA:548,33,0,0
BRDA:548,33,1,0
BRDA:548,34,0,0
BRDA:548,34,1,0
BRDA:548,34,2,0
BRDA:553,35,0,0
BRDA:553,35,1,0
BRDA:553,36,0,0
BRDA:553,36,1,0
BRDA:553,36,2,0
BRDA:561,37,0,0
BRDA:561,37,1,0
BRDA:587,38,0,0
BRDA:587,38,1,0
BRDA:591,39,0,0
BRDA:591,39,1,0
BRDA:600,40,0,0
BRDA:600,40,1,0
BRDA:614,41,0,0
BRDA:649,42,0,0
BRDA:649,42,1,0
BRDA:682,43,0,0
BRDA:682,43,1,0
BRDA:687,44,0,0
BRDA:687,44,1,0
BRDA:689,45,0,0
BRDA:689,45,1,0
BRDA:706,46,0,0
BRDA:706,46,1,0
BRDA:712,47,0,0
BRDA:712,47,1,0
BRDA:718,48,0,0
BRDA:718,48,1,0
BRDA:729,49,0,0
BRDA:729,49,1,0
BRDA:734,50,0,0
BRDA:734,50,1,0
BRDA:751,51,0,0
BRDA:751,51,1,0
BRDA:761,52,0,0
BRDA:761,52,1,0
BRDA:771,53,0,0
BRDA:771,53,1,0
BRDA:787,54,0,0
BRDA:787,54,1,0
BRDA:787,55,0,0
BRDA:787,55,1,0
BRDA:793,56,0,0
BRDA:793,56,1,0
BRDA:808,57,0,0
BRDA:808,57,1,0
BRDA:818,58,0,0
BRDA:818,58,1,0
BRDA:821,59,0,0
BRDA:821,59,1,0
BRDA:822,60,0,0
BRDA:822,60,1,0
BRDA:827,61,0,0
BRDA:827,61,1,0
BRDA:837,62,0,0
BRDA:837,62,1,0
BRDA:839,63,0,0
BRDA:839,63,1,0
BRDA:848,64,0,0
BRDA:848,64,1,0
BRDA:851,65,0,0
BRDA:851,65,1,0
BRDA:864,66,0,0
BRDA:864,66,1,0
BRDA:867,67,0,0
BRDA:867,67,1,0
BRDA:885,68,0,0
BRDA:885,68,1,0
BRDA:888,69,0,0
BRDA:888,69,1,0
BRDA:903,70,0,0
BRDA:903,70,1,0
BRDA:914,71,0,0
BRDA:914,71,1,0
BRDA:922,72,0,0
BRDA:922,72,1,0
BRDA:958,73,0,0
BRDA:958,73,1,0
BRDA:960,74,0,0
BRDA:960,74,1,0
BRDA:962,75,0,0
BRDA:962,75,1,0
BRDA:973,76,0,0
BRDA:973,76,1,0
BRDA:977,77,0,0
BRDA:977,77,1,0
BRDA:996,78,0,0
BRDA:996,78,1,0
BRDA:1001,79,0,0
BRDA:1001,79,1,0
BRDA:1026,80,0,0
BRDA:1026,80,1,0
BRDA:1027,81,0,0
BRDA:1027,81,1,0
BRDA:1031,82,0,0
BRDA:1031,82,1,0
BRDA:1040,83,0,0
BRDA:1040,83,1,0
BRDA:1048,84,0,0
BRDA:1048,84,1,0
BRDA:1049,85,0,0
BRDA:1049,85,1,0
BRDA:1058,86,0,0
BRDA:1058,86,1,0
BRDA:1064,87,0,0
BRDA:1064,87,1,0
BRDA:1079,88,0,0
BRDA:1118,89,0,0
BRDA:1118,89,1,0
BRDA:1136,90,0,0
BRDA:1136,90,1,0
BRDA:1166,91,0,0
BRDA:1166,91,1,0
BRDA:1166,92,0,0
BRDA:1166,92,1,0
BRDA:1171,93,0,0
BRDA:1171,93,1,0
BRDA:1171,94,0,0
BRDA:1171,94,1,0
BRDA:1187,95,0,0
BRDA:1187,95,1,0
BRDA:1192,96,0,0
BRDA:1192,96,1,0
BRDA:1192,97,0,0
BRDA:1192,97,1,0
BRDA:1204,98,0,0
BRDA:1204,98,1,0
BRDA:1204,99,0,0
BRDA:1204,99,1,0
BRDA:1205,100,0,0
BRDA:1205,100,1,0
BRDA:1210,101,0,0
BRDA:1210,101,1,0
BRDA:1211,102,0,0
BRDA:1211,102,1,0
BRDA:1213,103,0,0
BRDA:1213,103,1,0
BRDA:1213,104,0,0
BRDA:1213,104,1,0
BRDA:1240,105,0,0
BRDA:1240,105,1,0
BRDA:1248,106,0,0
BRDA:1248,106,1,0
BRDA:1259,107,0,0
BRDA:1259,107,1,0
BRDA:1260,108,0,0
BRDA:1260,108,1,0
BRDA:1283,109,0,0
BRDA:1283,109,1,0
BRDA:1284,110,0,0
BRDA:1284,110,1,0
BRDA:1285,111,0,0
BRDA:1285,111,1,0
BRDA:1293,112,0,0
BRDA:1293,112,1,0
BRDA:1295,113,0,0
BRDA:1295,113,1,0
BRDA:1301,114,0,0
BRDA:1301,114,1,0
BRDA:1317,115,0,0
BRDA:1317,115,1,0
BRDA:1319,116,0,0
BRDA:1319,116,1,0
BRDA:1325,117,0,0
BRDA:1325,117,1,0
BRDA:1347,118,0,0
BRDA:1347,118,1,0
BRDA:1348,119,0,0
BRDA:1348,119,1,0
BRDA:1351,120,0,0
BRDA:1351,120,1,0
BRDA:1355,121,0,0
BRDA:1355,121,1,0
BRDA:1362,122,0,0
BRDA:1362,122,1,0
BRDA:1365,123,0,0
BRDA:1365,123,1,0
BRDA:1376,124,0,0
BRDA:1376,124,1,0
BRDA:1378,125,0,0
BRDA:1378,125,1,0
BRDA:1389,126,0,0
BRDA:1389,126,1,0
BRDA:1391,127,0,0
BRDA:1391,127,1,0
BRDA:1402,128,0,0
BRDA:1402,128,1,0
BRDA:1403,129,0,0
BRDA:1403,129,1,0
BRDA:1405,130,0,0
BRDA:1405,130,1,0
BRDA:1405,131,0,0
BRDA:1405,131,1,0
BRDA:1426,132,0,0
BRDA:1426,132,1,0
BRDA:1432,133,0,0
BRDA:1432,133,1,0
BRDA:1432,134,0,0
BRDA:1432,134,1,0
BRDA:1433,135,0,0
BRDA:1433,135,1,0
BRDA:1439,136,0,0
BRDA:1439,136,1,0
BRDA:1440,137,0,0
BRDA:1440,137,1,0
BRDA:1448,138,0,0
BRDA:1448,138,1,0
BRDA:1448,139,0,0
BRDA:1448,139,1,0
BRDA:1452,140,0,0
BRDA:1452,140,1,0
BRDA:1459,141,0,0
BRDA:1459,141,1,0
BRDA:1461,142,0,0
BRDA:1461,142,1,0
BRDA:1465,143,0,0
BRDA:1465,143,1,0
BRDA:1474,144,0,0
BRDA:1474,144,1,0
BRDA:1474,145,0,0
BRDA:1474,145,1,0
BRDA:1486,146,0,0
BRDA:1486,146,1,0
BRDA:1494,147,0,0
BRDA:1494,147,1,0
BRDA:1495,148,0,0
BRDA:1495,148,1,0
BRDA:1519,149,0,0
BRDA:1519,149,1,0
BRDA:1520,150,0,0
BRDA:1520,150,1,0
BRDA:1521,151,0,0
BRDA:1521,151,1,0
BRDA:1590,152,0,0
BRDA:1590,152,1,0
BRDA:1611,153,0,0
BRDA:1611,153,1,0
BRDA:1639,154,0,0
BRDA:1639,154,1,0
BRDA:1654,155,0,0
BRDA:1654,155,1,0
BRDA:1666,156,0,0
BRDA:1666,156,1,0
BRDA:1666,157,0,0
BRDA:1666,157,1,0
BRDA:1671,158,0,0
BRDA:1671,158,1,0
BRDA:1671,159,0,0
BRDA:1671,159,1,0
BRDA:1682,160,0,0
BRDA:1682,160,1,0
BRDA:1694,161,0,0
BRDA:1694,161,1,0
BRDA:1703,162,0,0
BRDA:1703,162,1,0
BRDA:1709,163,0,0
BRDA:1709,163,1,0
BRDA:1718,164,0,0
BRDA:1718,164,1,0
BRDA:1761,165,0,0
BRDA:1761,165,1,0
BRDA:1787,166,0,0
BRDA:1787,166,1,0
BRDA:1808,167,0,0
BRDA:1808,167,1,0
BRDA:1813,168,0,0
BRDA:1813,168,1,0
BRDA:1824,169,0,0
BRDA:1824,169,1,0
BRDA:1826,170,0,0
BRDA:1826,170,1,0
BRDA:1832,171,0,0
BRDA:1832,171,1,0
BRDA:1832,172,0,0
BRDA:1832,172,1,0
BRDA:1843,173,0,0
BRDA:1843,173,1,0
BRDA:1848,174,0,0
BRDA:1848,174,1,0
BRDA:1859,175,0,0
BRDA:1859,175,1,0
BRDA:1873,176,0,0
BRDA:1873,176,1,0
BRDA:1885,177,0,0
BRDA:1885,177,1,0
BRDA:1895,178,0,0
BRDA:1895,178,1,0
BRDA:1901,179,0,0
BRDA:1901,179,1,0
BRDA:1922,180,0,0
BRDA:1922,180,1,0
BRDA:1937,181,0,0
BRDA:1937,181,1,0
BRDA:1942,182,0,0
BRDA:1942,182,1,0
BRDA:1946,183,0,0
BRDA:1946,183,1,0
BRDA:1950,184,0,0
BRDA:1950,184,1,0
BRDA:1966,185,0,0
BRDA:1973,186,0,0
BRDA:1973,186,1,0
BRDA:1978,187,0,0
BRDA:1997,188,0,0
BRDA:1997,188,1,0
BRDA:2002,189,0,0
BRDA:2028,190,0,0
BRDA:2028,190,1,0
BRDA:2089,191,0,0
BRDA:2089,191,1,0
BRDA:2104,192,0,0
BRDA:2104,192,1,0
BRDA:2112,193,0,0
BRDA:2112,193,1,0
BRDA:2113,194,0,0
BRDA:2113,194,1,0
BRF:385
BRH:0
end_of_record
TN:
SF:src/symbolic-reasoning-engine.js
FN:13,(anonymous_0)
FN:34,(anonymous_1)
FN:107,(anonymous_2)
FN:127,(anonymous_3)
FN:179,(anonymous_4)
FN:216,(anonymous_5)
FN:246,(anonymous_6)
FN:275,(anonymous_7)
FN:289,(anonymous_8)
FN:300,(anonymous_9)
FN:307,(anonymous_10)
FN:330,(anonymous_11)
FN:342,(anonymous_12)
FN:356,(anonymous_13)
FN:368,(anonymous_14)
FN:375,(anonymous_15)
FN:392,(anonymous_16)
FN:398,(anonymous_17)
FN:412,(anonymous_18)
FN:420,(anonymous_19)
FN:453,(anonymous_20)
FN:477,(anonymous_21)
FN:490,(anonymous_22)
FN:494,(anonymous_23)
FN:507,(anonymous_24)
FN:511,(anonymous_25)
FN:518,(anonymous_26)
FN:525,(anonymous_27)
FN:530,(anonymous_28)
FN:543,(anonymous_29)
FN:549,(anonymous_30)
FN:555,(anonymous_31)
FN:565,(anonymous_32)
FN:570,(anonymous_33)
FN:583,(anonymous_34)
FN:589,(anonymous_35)
FN:593,(anonymous_36)
FN:597,(anonymous_37)
FN:609,(anonymous_38)
FN:620,(anonymous_39)
FN:631,(anonymous_40)
FN:640,(anonymous_41)
FN:648,(anonymous_42)
FNF:43
FNH:0
FNDA:0,(anonymous_0)
FNDA:0,(anonymous_1)
FNDA:0,(anonymous_2)
FNDA:0,(anonymous_3)
FNDA:0,(anonymous_4)
FNDA:0,(anonymous_5)
FNDA:0,(anonymous_6)
FNDA:0,(anonymous_7)
FNDA:0,(anonymous_8)
FNDA:0,(anonymous_9)
FNDA:0,(anonymous_10)
FNDA:0,(anonymous_11)
FNDA:0,(anonymous_12)
FNDA:0,(anonymous_13)
FNDA:0,(anonymous_14)
FNDA:0,(anonymous_15)
FNDA:0,(anonymous_16)
FNDA:0,(anonymous_17)
FNDA:0,(anonymous_18)
FNDA:0,(anonymous_19)
FNDA:0,(anonymous_20)
FNDA:0,(anonymous_21)
FNDA:0,(anonymous_22)
FNDA:0,(anonymous_23)
FNDA:0,(anonymous_24)
FNDA:0,(anonymous_25)
FNDA:0,(anonymous_26)
FNDA:0,(anonymous_27)
FNDA:0,(anonymous_28)
FNDA:0,(anonymous_29)
FNDA:0,(anonymous_30)
FNDA:0,(anonymous_31)
FNDA:0,(anonymous_32)
FNDA:0,(anonymous_33)
FNDA:0,(anonymous_34)
FNDA:0,(anonymous_35)
FNDA:0,(anonymous_36)
FNDA:0,(anonymous_37)
FNDA:0,(anonymous_38)
FNDA:0,(anonymous_39)
FNDA:0,(anonymous_40)
FNDA:0,(anonymous_41)
FNDA:0,(anonymous_42)
DA:14,0
DA:17,0
DA:20,0
DA:23,0
DA:26,0
DA:28,0
DA:35,0
DA:36,0
DA:38,0
DA:40,0
DA:43,0
DA:51,0
DA:58,0
DA:65,0
DA:73,0
DA:78,0
DA:80,0
DA:95,0
DA:97,0
DA:100,0
DA:108,0
DA:109,0
DA:110,0
DA:113,0
DA:128,0
DA:130,0
DA:133,0
DA:134,0
DA:137,0
DA:138,0
DA:141,0
DA:146,0
DA:149,0
DA:154,0
DA:157,0
DA:162,0
DA:165,0
DA:170,0
DA:172,0
DA:180,0
DA:182,0
DA:185,0
DA:189,0
DA:192,0
DA:195,0
DA:198,0
DA:201,0
DA:204,0
DA:207,0
DA:209,0
DA:217,0
DA:219,0
DA:222,0
DA:223,0
DA:226,0
DA:227,0
DA:230,0
DA:231,0
DA:234,0
DA:235,0
DA:237,0
DA:239,0
DA:247,0
DA:250,0
DA:256,0
DA:257,0
DA:260,0
DA:263,0
DA:265,0
DA:276,0
DA:284,0
DA:290,0
DA:291,0
DA:293,0
DA:301,0
DA:307,0
DA:308,0
DA:309,0
DA:310,0
DA:311,0
DA:317,0
DA:322,0
DA:323,0
DA:327,0
DA:331,0
DA:332,0
DA:334,0
DA:343,0
DA:344,0
DA:346,0
DA:347,0
DA:349,0
DA:358,0
DA:359,0
DA:361,0
DA:369,0
DA:372,0
DA:373,0
DA:375,0
DA:376,0
DA:377,0
DA:378,0
DA:388,0
DA:390,0
DA:392,0
DA:399,0
DA:400,0
DA:402,0
DA:403,0
DA:404,0
DA:405,0
DA:406,0
DA:409,0
DA:413,0
DA:414,0
DA:415,0
DA:416,0
DA:417,0
DA:421,0
DA:454,0
DA:455,0
DA:456,0
DA:457,0
DA:458,0
DA:459,0
DA:461,0
DA:478,0
DA:491,0
DA:496,0
DA:499,0
DA:500,0
DA:501,0
DA:504,0
DA:508,0
DA:509,0
DA:511,0
DA:512,0
DA:515,0
DA:519,0
DA:520,0
DA:522,0
DA:527,0
DA:531,0
DA:545,0
DA:546,0
DA:551,0
DA:552,0
DA:557,0
DA:562,0
DA:567,0
DA:571,0
DA:572,0
DA:573,0
DA:574,0
DA:584,0
DA:585,0
DA:586,0
DA:590,0
DA:594,0
DA:598,0
DA:600,0
DA:601,0
DA:602,0
DA:606,0
DA:611,0
DA:621,0
DA:622,0
DA:623,0
DA:624,0
DA:625,0
DA:626,0
DA:627,0
DA:628,0
DA:632,0
DA:641,0
DA:649,0
LF:176
LH:0
BRDA:109,0,0,0
BRDA:109,0,1,0
BRDA:290,1,0,0
BRDA:290,1,1,0
BRDA:309,2,0,0
BRDA:309,2,1,0
BRDA:310,3,0,0
BRDA:310,3,1,0
BRDA:331,4,0,0
BRDA:331,4,1,0
BRDA:363,5,0,0
BRDA:363,5,1,0
BRDA:363,6,0,0
BRDA:363,6,1,0
BRDA:372,7,0,0
BRDA:372,7,1,0
BRDA:373,8,0,0
BRDA:373,8,1,0
BRDA:376,9,0,0
BRDA:376,9,1,0
BRDA:377,10,0,0
BRDA:377,10,1,0
BRDA:392,11,0,0
BRDA:392,11,1,0
BRDA:392,12,0,0
BRDA:392,12,1,0
BRDA:403,13,0,0
BRDA:403,13,1,0
BRDA:409,14,0,0
BRDA:409,14,1,0
BRDA:413,15,0,0
BRDA:413,15,1,0
BRDA:414,16,0,0
BRDA:414,16,1,0
BRDA:415,17,0,0
BRDA:415,17,1,0
BRDA:416,18,0,0
BRDA:416,18,1,0
BRDA:454,19,0,0
BRDA:454,19,1,0
BRDA:454,20,0,0
BRDA:454,20,1,0
BRDA:456,21,0,0
BRDA:456,21,1,0
BRDA:456,22,0,0
BRDA:456,22,1,0
BRDA:458,23,0,0
BRDA:458,23,1,0
BRDA:458,24,0,0
BRDA:458,24,1,0
BRDA:519,25,0,0
BRDA:519,25,1,0
BRDA:527,26,0,0
BRDA:527,26,1,0
BRDA:557,27,0,0
BRDA:557,27,1,0
BRDA:571,28,0,0
BRDA:571,28,1,0
BRDA:572,29,0,0
BRDA:572,29,1,0
BRDA:573,30,0,0
BRDA:573,30,1,0
BRDA:601,31,0,0
BRDA:601,31,1,0
BRDA:631,32,0,0
BRF:65
BRH:0
end_of_record
